{"timestamp": "2026-04-12 19:34:31.762", "type": "network_state", "nodes": 12, "edges": 32, "congested_edges": 11, "avg_load_percent": 55.38, "is_connected": true}
{"timestamp": "2026-04-12 19:34:31.763", "packet_id": 1, "level": 3, "algorithm": "k-shortest (dijkstra base)", "path": [0, 11], "cost": 9, "hops": 1, "success": true}
{"timestamp": "2026-04-12 19:34:31.764", "packet_id": 10, "level": 4, "algorithm": "adaptive (congestion-aware)", "path": [0, 2, 11], "cost": 11, "effective_cost": 13.06, "avg_load_percent": 23.5, "congested": false, "hops": 2, "decision_latency_ms": 0.6428, "success": true}
{"timestamp": "2026-04-12 19:34:31.776", "packet_id": 11, "level": 4, "algorithm": "adaptive (congestion-aware)", "path": [0, 3, 8, 11], "cost": 10, "effective_cost": 17.25, "avg_load_percent": 43.0, "congested": true, "hops": 3, "decision_latency_ms": 0.8783, "success": true}
{"timestamp": "2026-04-12 19:34:31.787", "packet_id": 12, "level": 4, "algorithm": "adaptive (congestion-aware)", "path": [0, 3, 1, 10, 4, 11], "cost": 12, "effective_cost": 15.44, "avg_load_percent": 30.0, "congested": true, "hops": 5, "decision_latency_ms": 0.8526, "success": true}
{"timestamp": "2026-04-12 19:34:31.800", "packet_id": 13, "level": 4, "algorithm": "adaptive (congestion-aware)", "path": [0, 10, 5, 8, 11], "cost": 11, "effective_cost": 14.97, "avg_load_percent": 49.25, "congested": true, "hops": 4, "decision_latency_ms": 0.7626, "success": true}
{"timestamp": "2026-04-12 19:34:31.811", "packet_id": 14, "level": 4, "algorithm": "adaptive (congestion-aware)", "path": [0, 10, 11], "cost": 11, "effective_cost": 15.41, "avg_load_percent": 34.5, "congested": false, "hops": 2, "decision_latency_ms": 0.5592, "success": true}
{"timestamp": "2026-04-12 19:34:31.824", "packet_id": 15, "level": 4, "algorithm": "adaptive (congestion-aware)", "path": [0, 10, 11], "cost": 14, "effective_cost": 21.89, "avg_load_percent": 59.5, "congested": false, "hops": 2, "decision_latency_ms": 0.6479, "success": true}
{"timestamp": "2026-04-12 19:34:31.862", "packet_id": 20, "level": 5, "algorithm": "Q-Learning (autonomous)", "path": [0, 11], "cost": 15, "avg_load_percent": 21.0, "congested": false, "reached_goal": true, "predicted_risky_edges": [], "hops": 1, "decision_latency_ms": 0.0123, "training_episodes": 700, "success": true}
{"timestamp": "2026-04-12 19:34:31.877", "packet_id": 21, "level": 5, "algorithm": "Q-Learning (autonomous)", "path": [0, 11], "cost": 14, "avg_load_percent": 86.0, "congested": true, "reached_goal": true, "predicted_risky_edges": [[0, 11, 86.0]], "hops": 1, "decision_latency_ms": 0.0107, "training_episodes": 700, "success": true}
{"timestamp": "2026-04-12 19:34:31.891", "packet_id": 22, "level": 5, "algorithm": "Q-Learning (autonomous)", "path": [0, 11], "cost": 11, "avg_load_percent": 40.0, "congested": false, "reached_goal": true, "predicted_risky_edges": [], "hops": 1, "decision_latency_ms": 0.0104, "training_episodes": 700, "success": true}
{"timestamp": "2026-04-12 19:34:31.906", "packet_id": 23, "level": 5, "algorithm": "Q-Learning (autonomous)", "path": [0, 11], "cost": 11, "avg_load_percent": 15.0, "congested": false, "reached_goal": true, "predicted_risky_edges": [], "hops": 1, "decision_latency_ms": 0.0067, "training_episodes": 700, "success": true}
{"timestamp": "2026-04-13 01:16:18.733", "type": "network_state", "nodes": 12, "edges": 32, "congested_edges": 11, "avg_load_percent": 55.38, "is_connected": true}
{"timestamp": "2026-04-13 01:16:18.736", "packet_id": 1, "level": 3, "algorithm": "k-shortest (dijkstra base)", "path": [0, 11], "cost": 9, "hops": 1, "success": true}
{"timestamp": "2026-04-13 01:16:18.742", "packet_id": 10, "level": 4, "algorithm": "adaptive (congestion-aware)", "path": [0, 2, 11], "cost": 11, "effective_cost": 13.06, "avg_load_percent": 23.5, "congested": false, "hops": 2, "decision_latency_ms": 1.6833, "success": true}
{"timestamp": "2026-04-13 01:16:18.759", "packet_id": 11, "level": 4, "algorithm": "adaptive (congestion-aware)", "path": [0, 3, 8, 11], "cost": 10, "effective_cost": 17.25, "avg_load_percent": 43.0, "congested": true, "hops": 3, "decision_latency_ms": 5.0845, "success": true}
{"timestamp": "2026-04-13 01:16:18.813", "packet_id": 12, "level": 4, "algorithm": "adaptive (congestion-aware)", "path": [0, 3, 1, 10, 4, 11], "cost": 12, "effective_cost": 15.44, "avg_load_percent": 30.0, "congested": true, "hops": 5, "decision_latency_ms": 3.0545, "success": true}
{"timestamp": "2026-04-13 01:16:18.834", "packet_id": 13, "level": 4, "algorithm": "adaptive (congestion-aware)", "path": [0, 10, 5, 8, 11], "cost": 11, "effective_cost": 14.97, "avg_load_percent": 49.25, "congested": true, "hops": 4, "decision_latency_ms": 2.2799, "success": true}
{"timestamp": "2026-04-13 01:16:18.860", "packet_id": 14, "level": 4, "algorithm": "adaptive (congestion-aware)", "path": [0, 10, 11], "cost": 11, "effective_cost": 15.41, "avg_load_percent": 34.5, "congested": false, "hops": 2, "decision_latency_ms": 2.2076, "success": true}
{"timestamp": "2026-04-13 01:16:18.883", "packet_id": 15, "level": 4, "algorithm": "adaptive (congestion-aware)", "path": [0, 10, 11], "cost": 14, "effective_cost": 21.89, "avg_load_percent": 59.5, "congested": false, "hops": 2, "decision_latency_ms": 2.7599, "success": true}
{"timestamp": "2026-04-13 01:16:18.995", "packet_id": 20, "level": 5, "algorithm": "Q-Learning (autonomous)", "path": [0, 11], "cost": 15, "avg_load_percent": 21.0, "congested": false, "reached_goal": true, "predicted_risky_edges": [], "hops": 1, "decision_latency_ms": 0.0262, "training_episodes": 700, "success": true}
{"timestamp": "2026-04-13 01:16:19.031", "packet_id": 21, "level": 5, "algorithm": "Q-Learning (autonomous)", "path": [0, 11], "cost": 14, "avg_load_percent": 86.0, "congested": true, "reached_goal": true, "predicted_risky_edges": [[0, 11, 86.0]], "hops": 1, "decision_latency_ms": 0.0116, "training_episodes": 700, "success": true}
{"timestamp": "2026-04-13 01:16:19.062", "packet_id": 22, "level": 5, "algorithm": "Q-Learning (autonomous)", "path": [0, 11], "cost": 11, "avg_load_percent": 40.0, "congested": false, "reached_goal": true, "predicted_risky_edges": [], "hops": 1, "decision_latency_ms": 0.0296, "training_episodes": 700, "success": true}
{"timestamp": "2026-04-13 01:16:19.135", "packet_id": 23, "level": 5, "algorithm": "Q-Learning (autonomous)", "path": [0, 11], "cost": 11, "avg_load_percent": 15.0, "congested": false, "reached_goal": true, "predicted_risky_edges": [], "hops": 1, "decision_latency_ms": 0.0111, "training_episodes": 700, "success": true}
{"timestamp": "2026-04-13 01:34:50.501", "type": "network_state", "nodes": 12, "edges": 32, "congested_edges": 11, "avg_load_percent": 55.38, "is_connected": true}
{"timestamp": "2026-04-13 01:34:50.514", "packet_id": 1, "level": 3, "algorithm": "k-shortest (dijkstra base)", "path": [0, 11], "cost": 9, "hops": 1, "success": true}
{"timestamp": "2026-04-13 01:34:50.523", "packet_id": 10, "level": 4, "algorithm": "adaptive (congestion-aware)", "path": [0, 2, 11], "cost": 11, "effective_cost": 13.06, "avg_load_percent": 23.5, "congested": false, "hops": 2, "decision_latency_ms": 3.1533, "success": true}
{"timestamp": "2026-04-13 01:34:50.542", "packet_id": 11, "level": 4, "algorithm": "adaptive (congestion-aware)", "path": [0, 3, 8, 11], "cost": 10, "effective_cost": 17.25, "avg_load_percent": 43.0, "congested": true, "hops": 3, "decision_latency_ms": 2.4666, "success": true}
{"timestamp": "2026-04-13 01:34:50.567", "packet_id": 12, "level": 4, "algorithm": "adaptive (congestion-aware)", "path": [0, 3, 1, 10, 4, 11], "cost": 12, "effective_cost": 15.44, "avg_load_percent": 30.0, "congested": true, "hops": 5, "decision_latency_ms": 1.6554, "success": true}
{"timestamp": "2026-04-13 01:34:50.589", "packet_id": 13, "level": 4, "algorithm": "adaptive (congestion-aware)", "path": [0, 10, 5, 8, 11], "cost": 11, "effective_cost": 14.97, "avg_load_percent": 49.25, "congested": true, "hops": 4, "decision_latency_ms": 3.788, "success": true}
{"timestamp": "2026-04-13 01:34:50.607", "packet_id": 14, "level": 4, "algorithm": "adaptive (congestion-aware)", "path": [0, 10, 11], "cost": 11, "effective_cost": 15.41, "avg_load_percent": 34.5, "congested": false, "hops": 2, "decision_latency_ms": 3.4233, "success": true}
{"timestamp": "2026-04-13 01:34:50.624", "packet_id": 15, "level": 4, "algorithm": "adaptive (congestion-aware)", "path": [0, 10, 11], "cost": 14, "effective_cost": 21.89, "avg_load_percent": 59.5, "congested": false, "hops": 2, "decision_latency_ms": 3.2109, "success": true}
{"timestamp": "2026-04-13 01:34:50.719", "packet_id": 20, "level": 5, "algorithm": "Q-Learning (autonomous)", "path": [0, 11], "cost": 15, "avg_load_percent": 21.0, "congested": false, "reached_goal": true, "predicted_risky_edges": [], "hops": 1, "decision_latency_ms": 0.0419, "training_episodes": 700, "success": true}
{"timestamp": "2026-04-13 01:34:50.757", "packet_id": 21, "level": 5, "algorithm": "Q-Learning (autonomous)", "path": [0, 11], "cost": 14, "avg_load_percent": 86.0, "congested": true, "reached_goal": true, "predicted_risky_edges": [[0, 11, 86.0]], "hops": 1, "decision_latency_ms": 0.019, "training_episodes": 700, "success": true}
{"timestamp": "2026-04-13 01:34:50.792", "packet_id": 22, "level": 5, "algorithm": "Q-Learning (autonomous)", "path": [0, 11], "cost": 11, "avg_load_percent": 40.0, "congested": false, "reached_goal": true, "predicted_risky_edges": [], "hops": 1, "decision_latency_ms": 0.0119, "training_episodes": 700, "success": true}
{"timestamp": "2026-04-13 01:34:50.823", "packet_id": 23, "level": 5, "algorithm": "Q-Learning (autonomous)", "path": [0, 11], "cost": 11, "avg_load_percent": 15.0, "congested": false, "reached_goal": true, "predicted_risky_edges": [], "hops": 1, "decision_latency_ms": 0.011, "training_episodes": 700, "success": true}
{"timestamp": "2026-04-13 01:36:57.942", "type": "network_state", "nodes": 12, "edges": 32, "congested_edges": 11, "avg_load_percent": 55.38, "is_connected": true}
{"timestamp": "2026-04-13 01:36:57.959", "packet_id": 1, "level": 3, "algorithm": "k-shortest (dijkstra base)", "path": [0, 11], "cost": 9, "hops": 1, "success": true}
{"timestamp": "2026-04-13 01:36:57.973", "packet_id": 10, "level": 4, "algorithm": "adaptive (congestion-aware)", "path": [0, 2, 11], "cost": 11, "effective_cost": 13.06, "avg_load_percent": 23.5, "congested": false, "hops": 2, "decision_latency_ms": 2.2397, "success": true}
{"timestamp": "2026-04-13 01:36:57.994", "packet_id": 11, "level": 4, "algorithm": "adaptive (congestion-aware)", "path": [0, 3, 8, 11], "cost": 10, "effective_cost": 17.25, "avg_load_percent": 43.0, "congested": true, "hops": 3, "decision_latency_ms": 2.3218, "success": true}
{"timestamp": "2026-04-13 01:36:58.013", "packet_id": 12, "level": 4, "algorithm": "adaptive (congestion-aware)", "path": [0, 3, 1, 10, 4, 11], "cost": 12, "effective_cost": 15.44, "avg_load_percent": 30.0, "congested": true, "hops": 5, "decision_latency_ms": 2.0175, "success": true}
{"timestamp": "2026-04-13 01:36:58.033", "packet_id": 13, "level": 4, "algorithm": "adaptive (congestion-aware)", "path": [0, 10, 5, 8, 11], "cost": 11, "effective_cost": 14.97, "avg_load_percent": 49.25, "congested": true, "hops": 4, "decision_latency_ms": 1.5409, "success": true}
{"timestamp": "2026-04-13 01:36:58.053", "packet_id": 14, "level": 4, "algorithm": "adaptive (congestion-aware)", "path": [0, 10, 11], "cost": 11, "effective_cost": 15.41, "avg_load_percent": 34.5, "congested": false, "hops": 2, "decision_latency_ms": 2.1566, "success": true}
{"timestamp": "2026-04-13 01:36:58.067", "packet_id": 15, "level": 4, "algorithm": "adaptive (congestion-aware)", "path": [0, 10, 11], "cost": 14, "effective_cost": 21.89, "avg_load_percent": 59.5, "congested": false, "hops": 2, "decision_latency_ms": 2.5348, "success": true}
{"timestamp": "2026-04-13 01:36:58.156", "packet_id": 20, "level": 5, "algorithm": "Q-Learning (autonomous)", "path": [0, 11], "cost": 15, "avg_load_percent": 21.0, "congested": false, "reached_goal": true, "predicted_risky_edges": [], "hops": 1, "decision_latency_ms": 0.0128, "training_episodes": 700, "success": true}
{"timestamp": "2026-04-13 01:36:58.188", "packet_id": 21, "level": 5, "algorithm": "Q-Learning (autonomous)", "path": [0, 11], "cost": 14, "avg_load_percent": 86.0, "congested": true, "reached_goal": true, "predicted_risky_edges": [[0, 11, 86.0]], "hops": 1, "decision_latency_ms": 0.0107, "training_episodes": 700, "success": true}
{"timestamp": "2026-04-13 01:36:58.221", "packet_id": 22, "level": 5, "algorithm": "Q-Learning (autonomous)", "path": [0, 11], "cost": 11, "avg_load_percent": 40.0, "congested": false, "reached_goal": true, "predicted_risky_edges": [], "hops": 1, "decision_latency_ms": 0.0109, "training_episodes": 700, "success": true}
{"timestamp": "2026-04-13 01:36:58.250", "packet_id": 23, "level": 5, "algorithm": "Q-Learning (autonomous)", "path": [0, 11], "cost": 11, "avg_load_percent": 15.0, "congested": false, "reached_goal": true, "predicted_risky_edges": [], "hops": 1, "decision_latency_ms": 0.0397, "training_episodes": 700, "success": true}
{"timestamp": "2026-04-13 01:46:13.472", "type": "network_state", "nodes": 12, "edges": 32, "congested_edges": 11, "avg_load_percent": 55.38, "is_connected": true}
{"timestamp": "2026-04-13 01:46:13.482", "packet_id": 1, "level": 3, "algorithm": "k-shortest (dijkstra base)", "path": [0, 11], "cost": 9, "hops": 1, "success": true}
{"timestamp": "2026-04-13 01:46:13.491", "packet_id": 10, "level": 4, "algorithm": "adaptive (congestion-aware)", "path": [0, 2, 11], "cost": 11, "effective_cost": 13.06, "avg_load_percent": 23.5, "congested": false, "hops": 2, "decision_latency_ms": 1.6509, "success": true}
{"timestamp": "2026-04-13 01:46:13.513", "packet_id": 11, "level": 4, "algorithm": "adaptive (congestion-aware)", "path": [0, 3, 8, 11], "cost": 10, "effective_cost": 17.25, "avg_load_percent": 43.0, "congested": true, "hops": 3, "decision_latency_ms": 1.5639, "success": true}
{"timestamp": "2026-04-13 01:46:13.530", "packet_id": 12, "level": 4, "algorithm": "adaptive (congestion-aware)", "path": [0, 3, 1, 10, 4, 11], "cost": 12, "effective_cost": 15.44, "avg_load_percent": 30.0, "congested": true, "hops": 5, "decision_latency_ms": 1.2313, "success": true}
{"timestamp": "2026-04-13 01:46:13.546", "packet_id": 13, "level": 4, "algorithm": "adaptive (congestion-aware)", "path": [0, 10, 5, 8, 11], "cost": 11, "effective_cost": 14.97, "avg_load_percent": 49.25, "congested": true, "hops": 4, "decision_latency_ms": 2.4704, "success": true}
{"timestamp": "2026-04-13 01:46:13.576", "packet_id": 14, "level": 4, "algorithm": "adaptive (congestion-aware)", "path": [0, 10, 11], "cost": 11, "effective_cost": 15.41, "avg_load_percent": 34.5, "congested": false, "hops": 2, "decision_latency_ms": 4.6647, "success": true}
{"timestamp": "2026-04-13 01:46:13.593", "packet_id": 15, "level": 4, "algorithm": "adaptive (congestion-aware)", "path": [0, 10, 11], "cost": 14, "effective_cost": 21.89, "avg_load_percent": 59.5, "congested": false, "hops": 2, "decision_latency_ms": 1.5893, "success": true}
{"timestamp": "2026-04-13 01:46:13.670", "packet_id": 20, "level": 5, "algorithm": "Q-Learning (autonomous)", "path": [0, 11], "cost": 15, "avg_load_percent": 21.0, "congested": false, "reached_goal": true, "predicted_risky_edges": [], "hops": 1, "decision_latency_ms": 0.0114, "training_episodes": 700, "success": true}
{"timestamp": "2026-04-13 01:46:13.710", "packet_id": 21, "level": 5, "algorithm": "Q-Learning (autonomous)", "path": [0, 11], "cost": 14, "avg_load_percent": 86.0, "congested": true, "reached_goal": true, "predicted_risky_edges": [[0, 11, 86.0]], "hops": 1, "decision_latency_ms": 0.0108, "training_episodes": 700, "success": true}
{"timestamp": "2026-04-13 01:46:13.735", "packet_id": 22, "level": 5, "algorithm": "Q-Learning (autonomous)", "path": [0, 11], "cost": 11, "avg_load_percent": 40.0, "congested": false, "reached_goal": true, "predicted_risky_edges": [], "hops": 1, "decision_latency_ms": 0.0099, "training_episodes": 700, "success": true}
{"timestamp": "2026-04-13 01:46:13.773", "packet_id": 23, "level": 5, "algorithm": "Q-Learning (autonomous)", "path": [0, 11], "cost": 11, "avg_load_percent": 15.0, "congested": false, "reached_goal": true, "predicted_risky_edges": [], "hops": 1, "decision_latency_ms": 0.0171, "training_episodes": 700, "success": true}
{"timestamp": "2026-04-13 13:31:37.361", "type": "network_state", "nodes": 12, "edges": 32, "congested_edges": 11, "avg_load_percent": 55.38, "is_connected": true}
{"timestamp": "2026-04-13 13:31:37.384", "packet_id": 1, "level": 3, "algorithm": "k-shortest (dijkstra base)", "path": [0, 11], "cost": 9, "hops": 1, "success": true}
{"timestamp": "2026-04-13 13:31:37.390", "packet_id": 10, "level": 4, "algorithm": "adaptive (congestion-aware)", "path": [0, 2, 11], "cost": 11, "effective_cost": 13.06, "avg_load_percent": 23.5, "congested": false, "hops": 2, "decision_latency_ms": 2.5293, "success": true}
{"timestamp": "2026-04-13 13:31:37.421", "packet_id": 11, "level": 4, "algorithm": "adaptive (congestion-aware)", "path": [0, 3, 8, 11], "cost": 10, "effective_cost": 17.25, "avg_load_percent": 43.0, "congested": true, "hops": 3, "decision_latency_ms": 2.9638, "success": true}
{"timestamp": "2026-04-13 13:31:37.447", "packet_id": 12, "level": 4, "algorithm": "adaptive (congestion-aware)", "path": [0, 3, 1, 10, 4, 11], "cost": 12, "effective_cost": 15.44, "avg_load_percent": 30.0, "congested": true, "hops": 5, "decision_latency_ms": 2.8115, "success": true}
{"timestamp": "2026-04-13 13:31:37.466", "packet_id": 13, "level": 4, "algorithm": "adaptive (congestion-aware)", "path": [0, 10, 5, 8, 11], "cost": 11, "effective_cost": 14.97, "avg_load_percent": 49.25, "congested": true, "hops": 4, "decision_latency_ms": 2.976, "success": true}
{"timestamp": "2026-04-13 13:31:37.482", "packet_id": 14, "level": 4, "algorithm": "adaptive (congestion-aware)", "path": [0, 10, 11], "cost": 11, "effective_cost": 15.41, "avg_load_percent": 34.5, "congested": false, "hops": 2, "decision_latency_ms": 2.7009, "success": true}
{"timestamp": "2026-04-13 13:31:37.513", "packet_id": 15, "level": 4, "algorithm": "adaptive (congestion-aware)", "path": [0, 10, 11], "cost": 14, "effective_cost": 21.89, "avg_load_percent": 59.5, "congested": false, "hops": 2, "decision_latency_ms": 2.5373, "success": true}
{"timestamp": "2026-04-13 13:31:37.585", "packet_id": 20, "level": 5, "algorithm": "Q-Learning (autonomous)", "path": [0, 11], "cost": 15, "avg_load_percent": 21.0, "congested": false, "reached_goal": true, "predicted_risky_edges": [], "hops": 1, "decision_latency_ms": 0.0109, "training_episodes": 700, "success": true}
{"timestamp": "2026-04-13 13:31:37.613", "packet_id": 21, "level": 5, "algorithm": "Q-Learning (autonomous)", "path": [0, 11], "cost": 14, "avg_load_percent": 86.0, "congested": true, "reached_goal": true, "predicted_risky_edges": [[0, 11, 86.0]], "hops": 1, "decision_latency_ms": 0.0103, "training_episodes": 700, "success": true}
{"timestamp": "2026-04-13 13:31:37.629", "packet_id": 22, "level": 5, "algorithm": "Q-Learning (autonomous)", "path": [0, 11], "cost": 11, "avg_load_percent": 40.0, "congested": false, "reached_goal": true, "predicted_risky_edges": [], "hops": 1, "decision_latency_ms": 0.0092, "training_episodes": 700, "success": true}
{"timestamp": "2026-04-13 13:31:37.651", "packet_id": 23, "level": 5, "algorithm": "Q-Learning (autonomous)", "path": [0, 11], "cost": 11, "avg_load_percent": 15.0, "congested": false, "reached_goal": true, "predicted_risky_edges": [], "hops": 1, "decision_latency_ms": 0.0092, "training_episodes": 700, "success": true}
{"timestamp": "2026-04-13 14:36:45.109", "type": "network_state", "nodes": 12, "edges": 32, "congested_edges": 11, "avg_load_percent": 55.38, "is_connected": true}
{"timestamp": "2026-04-13 14:36:45.115", "packet_id": 1, "algorithm": "k-shortest (dijkstra base)", "path": [0, 11], "cost": 9, "hops": 1, "success": true}
{"timestamp": "2026-04-13 14:36:45.120", "packet_id": 10, "algorithm": "adaptive (congestion-aware)", "path": [0, 2, 11], "cost": 11, "effective_cost": 13.06, "avg_load_percent": 23.5, "congested": false, "hops": 2, "decision_latency_ms": 1.626, "success": true}
{"timestamp": "2026-04-13 14:36:45.145", "packet_id": 11, "algorithm": "adaptive (congestion-aware)", "path": [0, 3, 8, 11], "cost": 10, "effective_cost": 17.25, "avg_load_percent": 43.0, "congested": true, "hops": 3, "decision_latency_ms": 6.8313, "success": true}
{"timestamp": "2026-04-13 14:36:45.167", "packet_id": 12, "algorithm": "adaptive (congestion-aware)", "path": [0, 3, 1, 10, 4, 11], "cost": 12, "effective_cost": 15.44, "avg_load_percent": 30.0, "congested": true, "hops": 5, "decision_latency_ms": 2.482, "success": true}
{"timestamp": "2026-04-13 14:36:45.195", "packet_id": 13, "algorithm": "adaptive (congestion-aware)", "path": [0, 10, 5, 8, 11], "cost": 11, "effective_cost": 14.97, "avg_load_percent": 49.25, "congested": true, "hops": 4, "decision_latency_ms": 4.6732, "success": true}
{"timestamp": "2026-04-13 14:36:45.224", "packet_id": 14, "algorithm": "adaptive (congestion-aware)", "path": [0, 10, 11], "cost": 11, "effective_cost": 15.41, "avg_load_percent": 34.5, "congested": false, "hops": 2, "decision_latency_ms": 1.4389, "success": true}
{"timestamp": "2026-04-13 14:36:45.245", "packet_id": 15, "algorithm": "adaptive (congestion-aware)", "path": [0, 10, 11], "cost": 14, "effective_cost": 21.89, "avg_load_percent": 59.5, "congested": false, "hops": 2, "decision_latency_ms": 2.4166, "success": true}
{"timestamp": "2026-04-13 14:36:45.333", "packet_id": 20, "algorithm": "Q-Learning (autonomous)", "path": [0, 11], "cost": 15, "avg_load_percent": 21.0, "congested": false, "reached_goal": true, "predicted_risky_edges": [], "hops": 1, "decision_latency_ms": 0.0129, "training_episodes": 700, "success": true}
{"timestamp": "2026-04-13 14:36:45.375", "packet_id": 21, "algorithm": "Q-Learning (autonomous)", "path": [0, 11], "cost": 14, "avg_load_percent": 86.0, "congested": true, "reached_goal": true, "predicted_risky_edges": [[0, 11, 86.0]], "hops": 1, "decision_latency_ms": 0.0152, "training_episodes": 700, "success": true}
{"timestamp": "2026-04-13 14:36:45.401", "packet_id": 22, "algorithm": "Q-Learning (autonomous)", "path": [0, 11], "cost": 11, "avg_load_percent": 40.0, "congested": false, "reached_goal": true, "predicted_risky_edges": [], "hops": 1, "decision_latency_ms": 0.0111, "training_episodes": 700, "success": true}
{"timestamp": "2026-04-13 14:36:45.432", "packet_id": 23, "algorithm": "Q-Learning (autonomous)", "path": [0, 11], "cost": 11, "avg_load_percent": 15.0, "congested": false, "reached_goal": true, "predicted_risky_edges": [], "hops": 1, "decision_latency_ms": 0.0103, "training_episodes": 700, "success": true}
{"timestamp": "2026-04-13 14:43:07.790", "type": "network_state", "nodes": 12, "edges": 32, "congested_edges": 11, "avg_load_percent": 55.38, "is_connected": true}
{"timestamp": "2026-04-13 14:43:07.797", "packet_id": 1, "level": 3, "algorithm": "k-shortest (dijkstra base)", "path": [0, 11], "cost": 9, "hops": 1, "success": true}
{"timestamp": "2026-04-13 14:43:07.804", "packet_id": 10, "level": 4, "algorithm": "adaptive (congestion-aware)", "path": [0, 2, 11], "cost": 11, "effective_cost": 13.06, "avg_load_percent": 23.5, "congested": false, "hops": 2, "decision_latency_ms": 1.3568, "success": true}
{"timestamp": "2026-04-13 14:43:07.827", "packet_id": 11, "level": 4, "algorithm": "adaptive (congestion-aware)", "path": [0, 3, 8, 11], "cost": 10, "effective_cost": 17.25, "avg_load_percent": 43.0, "congested": true, "hops": 3, "decision_latency_ms": 1.9163, "success": true}
{"timestamp": "2026-04-13 14:43:07.854", "packet_id": 12, "level": 4, "algorithm": "adaptive (congestion-aware)", "path": [0, 3, 1, 10, 4, 11], "cost": 12, "effective_cost": 15.44, "avg_load_percent": 30.0, "congested": true, "hops": 5, "decision_latency_ms": 3.5263, "success": true}
{"timestamp": "2026-04-13 14:43:07.883", "packet_id": 13, "level": 4, "algorithm": "adaptive (congestion-aware)", "path": [0, 10, 5, 8, 11], "cost": 11, "effective_cost": 14.97, "avg_load_percent": 49.25, "congested": true, "hops": 4, "decision_latency_ms": 3.045, "success": true}
{"timestamp": "2026-04-13 14:43:07.901", "packet_id": 14, "level": 4, "algorithm": "adaptive (congestion-aware)", "path": [0, 10, 11], "cost": 11, "effective_cost": 15.41, "avg_load_percent": 34.5, "congested": false, "hops": 2, "decision_latency_ms": 1.7061, "success": true}
{"timestamp": "2026-04-13 14:43:07.926", "packet_id": 15, "level": 4, "algorithm": "adaptive (congestion-aware)", "path": [0, 10, 11], "cost": 14, "effective_cost": 21.89, "avg_load_percent": 59.5, "congested": false, "hops": 2, "decision_latency_ms": 1.417, "success": true}
{"timestamp": "2026-04-13 14:43:08.007", "packet_id": 20, "level": 5, "algorithm": "Q-Learning (autonomous)", "path": [0, 11], "cost": 15, "avg_load_percent": 21.0, "congested": false, "reached_goal": true, "predicted_risky_edges": [], "hops": 1, "decision_latency_ms": 0.019, "training_episodes": 700, "success": true}
{"timestamp": "2026-04-13 14:43:08.051", "packet_id": 21, "level": 5, "algorithm": "Q-Learning (autonomous)", "path": [0, 11], "cost": 14, "avg_load_percent": 86.0, "congested": true, "reached_goal": true, "predicted_risky_edges": [[0, 11, 86.0]], "hops": 1, "decision_latency_ms": 0.0182, "training_episodes": 700, "success": true}
{"timestamp": "2026-04-13 14:43:08.095", "packet_id": 22, "level": 5, "algorithm": "Q-Learning (autonomous)", "path": [0, 11], "cost": 11, "avg_load_percent": 40.0, "congested": false, "reached_goal": true, "predicted_risky_edges": [], "hops": 1, "decision_latency_ms": 0.0168, "training_episodes": 700, "success": true}
{"timestamp": "2026-04-13 14:43:08.135", "packet_id": 23, "level": 5, "algorithm": "Q-Learning (autonomous)", "path": [0, 11], "cost": 11, "avg_load_percent": 15.0, "congested": false, "reached_goal": true, "predicted_risky_edges": [], "hops": 1, "decision_latency_ms": 0.0283, "training_episodes": 700, "success": true}
{"timestamp": "2026-04-13 14:45:41.114", "type": "network_state", "nodes": 12, "edges": 32, "congested_edges": 11, "avg_load_percent": 55.38, "is_connected": true}
{"timestamp": "2026-04-13 14:45:41.198", "packet_id": 1, "level": 3, "algorithm": "k-shortest (dijkstra base)", "path": [0, 11], "cost": 9, "hops": 1, "success": true}
{"timestamp": "2026-04-13 14:45:41.210", "packet_id": 10, "level": 4, "algorithm": "adaptive (congestion-aware)", "path": [0, 2, 11], "cost": 11, "effective_cost": 13.06, "avg_load_percent": 23.5, "congested": false, "hops": 2, "decision_latency_ms": 1.7647, "success": true}
{"timestamp": "2026-04-13 14:45:41.228", "packet_id": 11, "level": 4, "algorithm": "adaptive (congestion-aware)", "path": [0, 3, 8, 11], "cost": 10, "effective_cost": 17.25, "avg_load_percent": 43.0, "congested": true, "hops": 3, "decision_latency_ms": 2.028, "success": true}
{"timestamp": "2026-04-13 14:45:41.240", "packet_id": 12, "level": 4, "algorithm": "adaptive (congestion-aware)", "path": [0, 3, 1, 10, 4, 11], "cost": 12, "effective_cost": 15.44, "avg_load_percent": 30.0, "congested": true, "hops": 5, "decision_latency_ms": 1.512, "success": true}
{"timestamp": "2026-04-13 14:45:41.257", "packet_id": 13, "level": 4, "algorithm": "adaptive (congestion-aware)", "path": [0, 10, 5, 8, 11], "cost": 11, "effective_cost": 14.97, "avg_load_percent": 49.25, "congested": true, "hops": 4, "decision_latency_ms": 3.0425, "success": true}
{"timestamp": "2026-04-13 14:45:41.273", "packet_id": 14, "level": 4, "algorithm": "adaptive (congestion-aware)", "path": [0, 10, 11], "cost": 11, "effective_cost": 15.41, "avg_load_percent": 34.5, "congested": false, "hops": 2, "decision_latency_ms": 1.8835, "success": true}
{"timestamp": "2026-04-13 14:45:41.291", "packet_id": 15, "level": 4, "algorithm": "adaptive (congestion-aware)", "path": [0, 10, 11], "cost": 14, "effective_cost": 21.89, "avg_load_percent": 59.5, "congested": false, "hops": 2, "decision_latency_ms": 3.287, "success": true}
{"timestamp": "2026-04-13 14:45:41.379", "packet_id": 20, "level": 5, "algorithm": "Q-Learning (autonomous)", "path": [0, 11], "cost": 15, "avg_load_percent": 21.0, "congested": false, "reached_goal": true, "predicted_risky_edges": [], "hops": 1, "decision_latency_ms": 0.0128, "training_episodes": 700, "success": true}
{"timestamp": "2026-04-13 14:45:41.406", "packet_id": 21, "level": 5, "algorithm": "Q-Learning (autonomous)", "path": [0, 11], "cost": 14, "avg_load_percent": 86.0, "congested": true, "reached_goal": true, "predicted_risky_edges": [[0, 11, 86.0]], "hops": 1, "decision_latency_ms": 0.0111, "training_episodes": 700, "success": true}
{"timestamp": "2026-04-13 14:45:41.435", "packet_id": 22, "level": 5, "algorithm": "Q-Learning (autonomous)", "path": [0, 11], "cost": 11, "avg_load_percent": 40.0, "congested": false, "reached_goal": true, "predicted_risky_edges": [], "hops": 1, "decision_latency_ms": 0.0101, "training_episodes": 700, "success": true}
{"timestamp": "2026-04-13 14:45:41.456", "packet_id": 23, "level": 5, "algorithm": "Q-Learning (autonomous)", "path": [0, 11], "cost": 11, "avg_load_percent": 15.0, "congested": false, "reached_goal": true, "predicted_risky_edges": [], "hops": 1, "decision_latency_ms": 0.01, "training_episodes": 700, "success": true}
{"timestamp": "2026-04-19 20:24:53.553", "type": "network_state", "nodes": 12, "edges": 32, "congested_edges": 11, "avg_load_percent": 55.38, "avg_latency_cycles": 451.0, "protocol_distribution": {"UART": 32}, "is_connected": true}
{"timestamp": "2026-04-19 20:27:52.937", "type": "network_state", "nodes": 12, "edges": 32, "congested_edges": 9, "avg_load_percent": 38.5, "avg_latency_cycles": 632.25, "protocol_distribution": {"SPI": 11, "UART": 13, "I2C": 8}, "is_connected": true}
{"timestamp": "2026-04-19 20:27:52.954", "packet_id": 1, "level": 3, "algorithm": "K-Shortest (Yen's)", "path": [0, 11], "cost": 3, "effective_cost": 4.32, "hops": 1, "protocol": "SPI", "success": true}
{"timestamp": "2026-04-19 20:27:52.997", "packet_id": 10, "level": 4, "algorithm": "adaptive (congestion-aware)", "path": [0, 11], "cost": 3, "effective_cost": 4.32, "avg_load_percent": 44.0, "congested": false, "hops": 1, "decision_latency_ms": 0.8255, "success": true}
{"timestamp": "2026-04-19 20:27:53.052", "packet_id": 11, "level": 4, "algorithm": "adaptive (congestion-aware)", "path": [0, 11], "cost": 3, "effective_cost": 4.32, "avg_load_percent": 44.0, "congested": false, "hops": 1, "decision_latency_ms": 0.8764, "success": true}
{"timestamp": "2026-04-19 20:27:53.107", "packet_id": 12, "level": 4, "algorithm": "adaptive (congestion-aware)", "path": [0, 11], "cost": 3, "effective_cost": 4.32, "avg_load_percent": 44.0, "congested": false, "hops": 1, "decision_latency_ms": 1.086, "success": true}
{"timestamp": "2026-04-19 20:27:53.153", "packet_id": 13, "level": 4, "algorithm": "adaptive (congestion-aware)", "path": [0, 2, 11], "cost": 6, "effective_cost": 7.32, "avg_load_percent": 22.0, "congested": false, "hops": 2, "decision_latency_ms": 1.5104, "success": true}
{"timestamp": "2026-04-19 20:27:53.200", "packet_id": 14, "level": 4, "algorithm": "adaptive (congestion-aware)", "path": [0, 10, 11], "cost": 6, "effective_cost": 7.32, "avg_load_percent": 22.0, "congested": false, "hops": 2, "decision_latency_ms": 0.7323, "success": true}
{"timestamp": "2026-04-19 20:27:53.253", "packet_id": 15, "level": 4, "algorithm": "adaptive (congestion-aware)", "path": [0, 11], "cost": 3, "effective_cost": 4.32, "avg_load_percent": 44.0, "congested": false, "hops": 1, "decision_latency_ms": 0.8223, "success": true}
{"timestamp": "2026-04-19 20:27:53.393", "packet_id": 20, "level": 5, "algorithm": "Q-Learning (autonomous)", "path": [0, 11], "cost": 3, "avg_load_percent": 44.0, "congested": false, "reached_goal": true, "predicted_risky_edges": [], "hops": 1, "decision_latency_ms": 0.0405, "training_episodes": 700, "success": true}
{"timestamp": "2026-04-19 20:27:53.452", "packet_id": 21, "level": 5, "algorithm": "Q-Learning (autonomous)", "path": [0, 11], "cost": 3, "avg_load_percent": 44.0, "congested": false, "reached_goal": true, "predicted_risky_edges": [], "hops": 1, "decision_latency_ms": 0.012, "training_episodes": 700, "success": true}
{"timestamp": "2026-04-19 20:27:53.518", "packet_id": 22, "level": 5, "algorithm": "Q-Learning (autonomous)", "path": [0, 11], "cost": 3, "avg_load_percent": 44.0, "congested": false, "reached_goal": true, "predicted_risky_edges": [], "hops": 1, "decision_latency_ms": 0.0155, "training_episodes": 700, "success": true}
{"timestamp": "2026-04-19 20:27:53.588", "packet_id": 23, "level": 5, "algorithm": "Q-Learning (autonomous)", "path": [0, 11], "cost": 10, "avg_load_percent": 44.0, "congested": true, "reached_goal": true, "predicted_risky_edges": [], "hops": 1, "decision_latency_ms": 0.0107, "training_episodes": 700, "success": true}
{"timestamp": "2026-04-19 21:01:24.013", "type": "network_state", "nodes": 12, "edges": 32, "congested_edges": 5, "avg_load_percent": 44.0, "avg_latency_cycles": 535.38, "protocol_distribution": {"SPI": 11, "UART": 13, "I2C": 8}, "is_connected": true}
{"timestamp": "2026-04-19 21:01:24.025", "packet_id": 1, "level": 3, "algorithm": "K-Shortest (Yen's)", "path": [0, 11], "cost": 3, "effective_cost": 4.32, "hops": 1, "protocol": "SPI", "success": true}
{"timestamp": "2026-04-19 21:06:07.750", "type": "network_state", "nodes": 12, "edges": 32, "congested_edges": 8, "avg_load_percent": 39.88, "avg_latency_cycles": 631.47, "protocol_distribution": {"SPI": 11, "UART": 13, "I2C": 8}, "is_connected": true}
{"timestamp": "2026-04-19 21:06:07.763", "packet_id": 1, "level": 3, "algorithm": "K-Shortest (Yen's)", "path": [0, 2, 11], "cost": 6, "effective_cost": 7.32, "hops": 2, "protocol": "SPI", "success": true}
{"timestamp": "2026-04-19 21:06:07.778", "packet_id": 10, "level": 4, "algorithm": "adaptive (congestion-aware)", "path": [0, 11], "cost": 3, "effective_cost": 4.32, "avg_load_percent": 44.0, "congested": false, "hops": 1, "decision_latency_ms": 0.9653, "success": true}
{"timestamp": "2026-04-19 21:06:07.832", "packet_id": 11, "level": 4, "algorithm": "adaptive (congestion-aware)", "path": [0, 11], "cost": 3, "effective_cost": 4.32, "avg_load_percent": 44.0, "congested": false, "hops": 1, "decision_latency_ms": 0.7327, "success": true}
{"timestamp": "2026-04-19 21:06:07.872", "packet_id": 12, "level": 4, "algorithm": "adaptive (congestion-aware)", "path": [0, 2, 11], "cost": 6, "effective_cost": 8.64, "avg_load_percent": 44.0, "congested": false, "hops": 2, "decision_latency_ms": 0.6495, "success": true}
{"timestamp": "2026-04-19 21:06:07.906", "packet_id": 13, "level": 4, "algorithm": "adaptive (congestion-aware)", "path": [0, 10, 11], "cost": 6, "effective_cost": 7.32, "avg_load_percent": 22.0, "congested": false, "hops": 2, "decision_latency_ms": 0.6804, "success": true}
{"timestamp": "2026-04-19 21:06:07.935", "packet_id": 14, "level": 4, "algorithm": "adaptive (congestion-aware)", "path": [0, 2, 11], "cost": 6, "effective_cost": 8.64, "avg_load_percent": 44.0, "congested": false, "hops": 2, "decision_latency_ms": 0.5647, "success": true}
{"timestamp": "2026-04-19 21:06:07.970", "packet_id": 15, "level": 4, "algorithm": "adaptive (congestion-aware)", "path": [0, 11], "cost": 3, "effective_cost": 4.32, "avg_load_percent": 44.0, "congested": false, "hops": 1, "decision_latency_ms": 0.7732, "success": true}
{"timestamp": "2026-04-19 21:06:08.046", "packet_id": 20, "level": 5, "algorithm": "Q-Learning (autonomous)", "path": [0, 11], "cost": 3, "avg_load_percent": 44.0, "congested": false, "reached_goal": true, "predicted_risky_edges": [], "hops": 1, "decision_latency_ms": 0.0126, "training_episodes": 700, "success": true}
{"timestamp": "2026-04-19 21:06:08.089", "packet_id": 21, "level": 5, "algorithm": "Q-Learning (autonomous)", "path": [0, 11], "cost": 3, "avg_load_percent": 0.0, "congested": false, "reached_goal": true, "predicted_risky_edges": [], "hops": 1, "decision_latency_ms": 0.0102, "training_episodes": 700, "success": true}
{"timestamp": "2026-04-19 21:06:08.127", "packet_id": 22, "level": 5, "algorithm": "Q-Learning (autonomous)", "path": [0, 11], "cost": 3, "avg_load_percent": 44.0, "congested": false, "reached_goal": true, "predicted_risky_edges": [], "hops": 1, "decision_latency_ms": 0.0101, "training_episodes": 700, "success": true}
{"timestamp": "2026-04-19 21:06:08.165", "packet_id": 23, "level": 5, "algorithm": "Q-Learning (autonomous)", "path": [0, 10, 11], "cost": 6, "avg_load_percent": 44.0, "congested": false, "reached_goal": true, "predicted_risky_edges": [], "hops": 2, "decision_latency_ms": 0.0177, "training_episodes": 700, "success": true}
{"timestamp": "2026-04-19 21:56:51.963", "type": "network_state", "nodes": 12, "edges": 32, "congested_edges": 3, "avg_load_percent": 39.88, "avg_latency_cycles": 505.69, "protocol_distribution": {"SPI": 11, "UART": 13, "I2C": 8}, "is_connected": true}
{"timestamp": "2026-04-19 21:56:51.963", "packet_id": 1, "level": 3, "algorithm": "K-Shortest (Yen's)", "path": [0, 11], "cost": 3, "effective_cost": 4.32, "hops": 1, "protocol": "SPI", "success": true}
{"timestamp": "2026-04-19 21:56:51.995", "packet_id": 10, "level": 4, "algorithm": "adaptive (congestion-aware)", "path": [0, 11], "cost": 3, "effective_cost": 4.32, "avg_load_percent": 44.0, "congested": false, "hops": 1, "decision_latency_ms": 0.4809, "success": true}
{"timestamp": "2026-04-19 21:56:52.027", "packet_id": 11, "level": 4, "algorithm": "adaptive (congestion-aware)", "path": [0, 3, 11], "cost": 6, "effective_cost": 7.32, "avg_load_percent": 22.0, "congested": false, "hops": 2, "decision_latency_ms": 0.6792, "success": true}
{"timestamp": "2026-04-19 21:56:52.066", "packet_id": 12, "level": 4, "algorithm": "adaptive (congestion-aware)", "path": [0, 11], "cost": 3, "effective_cost": 4.32, "avg_load_percent": 44.0, "congested": false, "hops": 1, "decision_latency_ms": 0.5788, "success": true}
{"timestamp": "2026-04-19 21:56:52.106", "packet_id": 13, "level": 4, "algorithm": "adaptive (congestion-aware)", "path": [0, 3, 11], "cost": 6, "effective_cost": 8.64, "avg_load_percent": 44.0, "congested": false, "hops": 2, "decision_latency_ms": 0.7895, "success": true}
{"timestamp": "2026-04-19 21:56:52.138", "packet_id": 14, "level": 4, "algorithm": "adaptive (congestion-aware)", "path": [0, 11], "cost": 3, "effective_cost": 4.32, "avg_load_percent": 44.0, "congested": false, "hops": 1, "decision_latency_ms": 0.3875, "success": true}
{"timestamp": "2026-04-19 21:56:52.170", "packet_id": 15, "level": 4, "algorithm": "adaptive (congestion-aware)", "path": [0, 11], "cost": 3, "effective_cost": 4.32, "avg_load_percent": 44.0, "congested": false, "hops": 1, "decision_latency_ms": 0.5112, "success": true}
{"timestamp": "2026-04-19 21:56:52.249", "packet_id": 20, "level": 5, "algorithm": "Q-Learning (autonomous)", "path": [0, 11], "cost": 3, "avg_load_percent": 44.0, "congested": false, "reached_goal": true, "predicted_risky_edges": [], "hops": 1, "decision_latency_ms": 0.0109, "training_episodes": 700, "success": true}
{"timestamp": "2026-04-19 21:56:52.303", "packet_id": 21, "level": 5, "algorithm": "Q-Learning (autonomous)", "path": [0, 11], "cost": 5, "avg_load_percent": 44.0, "congested": true, "reached_goal": true, "predicted_risky_edges": [], "hops": 1, "decision_latency_ms": 0.0105, "training_episodes": 700, "success": true}
{"timestamp": "2026-04-19 21:56:52.339", "packet_id": 22, "level": 5, "algorithm": "Q-Learning (autonomous)", "path": [0, 11], "cost": 3, "avg_load_percent": 44.0, "congested": false, "reached_goal": true, "predicted_risky_edges": [], "hops": 1, "decision_latency_ms": 0.0099, "training_episodes": 700, "success": true}
{"timestamp": "2026-04-19 21:56:52.377", "packet_id": 23, "level": 5, "algorithm": "Q-Learning (autonomous)", "path": [0, 11], "cost": 3, "avg_load_percent": 44.0, "congested": false, "reached_goal": true, "predicted_risky_edges": [], "hops": 1, "decision_latency_ms": 0.0157, "training_episodes": 700, "success": true}
{"timestamp": "2026-04-19 22:13:13.229", "type": "network_state", "nodes": 12, "edges": 32, "congested_edges": 6, "avg_load_percent": 42.62, "avg_latency_cycles": 574.44, "protocol_distribution": {"SPI": 11, "UART": 13, "I2C": 8}, "is_connected": true}
{"timestamp": "2026-04-19 22:13:13.239", "packet_id": 1, "level": 3, "algorithm": "K-Shortest (Yen's)", "path": [0, 10, 11], "cost": 6, "effective_cost": 8.64, "hops": 2, "protocol": "I2C", "success": true}
{"timestamp": "2026-04-19 22:13:13.255", "packet_id": 10, "level": 4, "algorithm": "adaptive (congestion-aware)", "path": [0, 11], "cost": 3, "effective_cost": 4.32, "avg_load_percent": 44.0, "congested": false, "hops": 1, "decision_latency_ms": 0.4451, "success": true}
{"timestamp": "2026-04-19 22:13:13.287", "packet_id": 11, "level": 4, "algorithm": "adaptive (congestion-aware)", "path": [0, 3, 11], "cost": 6, "effective_cost": 8.64, "avg_load_percent": 44.0, "congested": false, "hops": 2, "decision_latency_ms": 0.8854, "success": true}
{"timestamp": "2026-04-19 22:13:13.334", "packet_id": 12, "level": 4, "algorithm": "adaptive (congestion-aware)", "path": [0, 11], "cost": 3, "effective_cost": 4.32, "avg_load_percent": 44.0, "congested": false, "hops": 1, "decision_latency_ms": 0.4433, "success": true}
{"timestamp": "2026-04-19 22:13:13.366", "packet_id": 13, "level": 4, "algorithm": "adaptive (congestion-aware)", "path": [0, 11], "cost": 3, "effective_cost": 4.32, "avg_load_percent": 44.0, "congested": false, "hops": 1, "decision_latency_ms": 0.5107, "success": true}
{"timestamp": "2026-04-19 22:13:13.398", "packet_id": 14, "level": 4, "algorithm": "adaptive (congestion-aware)", "path": [0, 11], "cost": 3, "effective_cost": 4.32, "avg_load_percent": 44.0, "congested": false, "hops": 1, "decision_latency_ms": 0.6995, "success": true}
{"timestamp": "2026-04-19 22:13:13.430", "packet_id": 15, "level": 4, "algorithm": "adaptive (congestion-aware)", "path": [0, 10, 11], "cost": 6, "effective_cost": 7.32, "avg_load_percent": 22.0, "congested": false, "hops": 2, "decision_latency_ms": 0.7799, "success": true}
{"timestamp": "2026-04-19 22:13:13.541", "packet_id": 20, "level": 5, "algorithm": "Q-Learning (autonomous)", "path": [0, 11], "cost": 3, "avg_load_percent": 44.0, "congested": false, "reached_goal": true, "predicted_risky_edges": [], "hops": 1, "decision_latency_ms": 0.0107, "training_episodes": 700, "success": true}
{"timestamp": "2026-04-19 22:13:13.583", "packet_id": 21, "level": 5, "algorithm": "Q-Learning (autonomous)", "path": [0, 11], "cost": 3, "avg_load_percent": 44.0, "congested": false, "reached_goal": true, "predicted_risky_edges": [], "hops": 1, "decision_latency_ms": 0.0104, "training_episodes": 700, "success": true}
{"timestamp": "2026-04-19 22:13:13.620", "packet_id": 22, "level": 5, "algorithm": "Q-Learning (autonomous)", "path": [0, 11], "cost": 3, "avg_load_percent": 44.0, "congested": false, "reached_goal": true, "predicted_risky_edges": [], "hops": 1, "decision_latency_ms": 0.0102, "training_episodes": 700, "success": true}
{"timestamp": "2026-04-19 22:13:13.652", "packet_id": 23, "level": 5, "algorithm": "Q-Learning (autonomous)", "path": [0, 11], "cost": 3, "avg_load_percent": 0.0, "congested": false, "reached_goal": true, "predicted_risky_edges": [], "hops": 1, "decision_latency_ms": 0.0192, "training_episodes": 700, "success": true}
{"timestamp": "2026-04-19 23:23:37.114", "type": "network_state", "nodes": 12, "edges": 32, "congested_edges": 9, "avg_load_percent": 37.12, "avg_latency_cycles": 671.31, "protocol_distribution": {"SPI": 11, "UART": 13, "I2C": 8}, "is_connected": true}
{"timestamp": "2026-04-19 23:23:37.129", "packet_id": 1, "level": 3, "algorithm": "K-Shortest (Yen's)", "path": [0, 11], "cost": 3, "effective_cost": 4.32, "hops": 1, "protocol": "SPI", "success": true}
{"timestamp": "2026-04-19 23:23:37.146", "packet_id": 10, "level": 4, "algorithm": "adaptive (congestion-aware)", "path": [0, 11], "cost": 3, "effective_cost": 4.32, "avg_load_percent": 44.0, "congested": false, "hops": 1, "decision_latency_ms": 0.4932, "success": true}
{"timestamp": "2026-04-19 23:23:37.171", "packet_id": 11, "level": 4, "algorithm": "adaptive (congestion-aware)", "path": [0, 11], "cost": 3, "effective_cost": 4.32, "avg_load_percent": 44.0, "congested": false, "hops": 1, "decision_latency_ms": 0.4449, "success": true}
{"timestamp": "2026-04-19 23:23:37.206", "packet_id": 12, "level": 4, "algorithm": "adaptive (congestion-aware)", "path": [0, 11], "cost": 3, "effective_cost": 4.32, "avg_load_percent": 44.0, "congested": false, "hops": 1, "decision_latency_ms": 0.5514, "success": true}
{"timestamp": "2026-04-19 23:23:37.246", "packet_id": 13, "level": 4, "algorithm": "adaptive (congestion-aware)", "path": [0, 2, 11], "cost": 6, "effective_cost": 8.64, "avg_load_percent": 44.0, "congested": false, "hops": 2, "decision_latency_ms": 0.4025, "success": true}
{"timestamp": "2026-04-19 23:23:37.286", "packet_id": 14, "level": 4, "algorithm": "adaptive (congestion-aware)", "path": [0, 3, 11], "cost": 6, "effective_cost": 7.32, "avg_load_percent": 22.0, "congested": false, "hops": 2, "decision_latency_ms": 0.6131, "success": true}
{"timestamp": "2026-04-19 23:23:37.346", "packet_id": 15, "level": 4, "algorithm": "adaptive (congestion-aware)", "path": [0, 11], "cost": 3, "effective_cost": 4.32, "avg_load_percent": 44.0, "congested": false, "hops": 1, "decision_latency_ms": 0.8648, "success": true}
{"timestamp": "2026-04-19 23:23:37.419", "packet_id": 20, "level": 5, "algorithm": "Q-Learning (autonomous)", "path": [0, 11], "cost": 3, "avg_load_percent": 44.0, "congested": false, "reached_goal": true, "predicted_risky_edges": [], "hops": 1, "decision_latency_ms": 0.0176, "training_episodes": 700, "success": true}
{"timestamp": "2026-04-19 23:23:37.453", "packet_id": 21, "level": 5, "algorithm": "Q-Learning (autonomous)", "path": [0, 11], "cost": 3, "avg_load_percent": 44.0, "congested": false, "reached_goal": true, "predicted_risky_edges": [], "hops": 1, "decision_latency_ms": 0.0094, "training_episodes": 700, "success": true}
{"timestamp": "2026-04-19 23:23:37.496", "packet_id": 22, "level": 5, "algorithm": "Q-Learning (autonomous)", "path": [0, 11], "cost": 3, "avg_load_percent": 44.0, "congested": false, "reached_goal": true, "predicted_risky_edges": [], "hops": 1, "decision_latency_ms": 0.0099, "training_episodes": 700, "success": true}
{"timestamp": "2026-04-19 23:23:37.538", "packet_id": 23, "level": 5, "algorithm": "Q-Learning (autonomous)", "path": [0, 10, 4, 11], "cost": 9, "avg_load_percent": 44.0, "congested": false, "reached_goal": true, "predicted_risky_edges": [], "hops": 3, "decision_latency_ms": 0.0239, "training_episodes": 700, "success": true}
{"timestamp": "2026-04-19 23:55:52.344", "type": "network_state", "nodes": 12, "edges": 32, "congested_edges": 8, "avg_load_percent": 42.62, "avg_latency_cycles": 593.97, "protocol_distribution": {"SPI": 11, "UART": 13, "I2C": 8}, "is_connected": true}
{"timestamp": "2026-04-19 23:55:52.367", "packet_id": 1, "level": 3, "algorithm": "K-Shortest (Yen's)", "path": [0, 11], "cost": 3, "effective_cost": 4.32, "hops": 1, "protocol": "SPI", "success": true}
{"timestamp": "2026-04-19 23:55:52.388", "packet_id": 10, "level": 4, "algorithm": "adaptive (congestion-aware)", "path": [0, 2, 11], "cost": 6, "effective_cost": 7.32, "avg_load_percent": 22.0, "congested": false, "hops": 2, "decision_latency_ms": 0.4807, "success": true}
{"timestamp": "2026-04-19 23:55:52.434", "packet_id": 11, "level": 4, "algorithm": "adaptive (congestion-aware)", "path": [0, 3, 11], "cost": 6, "effective_cost": 8.64, "avg_load_percent": 44.0, "congested": false, "hops": 2, "decision_latency_ms": 0.693, "success": true}
{"timestamp": "2026-04-19 23:55:52.477", "packet_id": 12, "level": 4, "algorithm": "adaptive (congestion-aware)", "path": [0, 11], "cost": 3, "effective_cost": 4.32, "avg_load_percent": 44.0, "congested": false, "hops": 1, "decision_latency_ms": 0.5403, "success": true}
{"timestamp": "2026-04-19 23:55:52.524", "packet_id": 13, "level": 4, "algorithm": "adaptive (congestion-aware)", "path": [0, 11], "cost": 3, "effective_cost": 4.32, "avg_load_percent": 44.0, "congested": false, "hops": 1, "decision_latency_ms": 0.5794, "success": true}
{"timestamp": "2026-04-19 23:55:52.554", "packet_id": 14, "level": 4, "algorithm": "adaptive (congestion-aware)", "path": [0, 11], "cost": 3, "effective_cost": 4.32, "avg_load_percent": 44.0, "congested": false, "hops": 1, "decision_latency_ms": 0.6955, "success": true}
{"timestamp": "2026-04-19 23:55:52.606", "packet_id": 15, "level": 4, "algorithm": "adaptive (congestion-aware)", "path": [0, 3, 11], "cost": 6, "effective_cost": 8.64, "avg_load_percent": 44.0, "congested": false, "hops": 2, "decision_latency_ms": 0.6559, "success": true}
{"timestamp": "2026-04-19 23:55:52.722", "packet_id": 20, "level": 5, "algorithm": "Q-Learning (autonomous)", "path": [0, 11], "cost": 3, "avg_load_percent": 44.0, "congested": false, "reached_goal": true, "predicted_risky_edges": [], "hops": 1, "decision_latency_ms": 0.0131, "training_episodes": 700, "success": true}
{"timestamp": "2026-04-19 23:55:52.757", "packet_id": 21, "level": 5, "algorithm": "Q-Learning (autonomous)", "path": [0, 11], "cost": 3, "avg_load_percent": 44.0, "congested": false, "reached_goal": true, "predicted_risky_edges": [], "hops": 1, "decision_latency_ms": 0.0113, "training_episodes": 700, "success": true}
{"timestamp": "2026-04-19 23:55:52.789", "packet_id": 22, "level": 5, "algorithm": "Q-Learning (autonomous)", "path": [0, 11], "cost": 3, "avg_load_percent": 44.0, "congested": false, "reached_goal": true, "predicted_risky_edges": [], "hops": 1, "decision_latency_ms": 0.0096, "training_episodes": 700, "success": true}
{"timestamp": "2026-04-19 23:55:52.821", "packet_id": 23, "level": 5, "algorithm": "Q-Learning (autonomous)", "path": [0, 11], "cost": 3, "avg_load_percent": 44.0, "congested": false, "reached_goal": true, "predicted_risky_edges": [], "hops": 1, "decision_latency_ms": 0.0096, "training_episodes": 700, "success": true}
{"timestamp": "2026-04-20 00:00:56.677", "type": "network_state", "nodes": 12, "edges": 32, "congested_edges": 5, "avg_load_percent": 39.88, "avg_latency_cycles": 533.81, "protocol_distribution": {"SPI": 11, "UART": 13, "I2C": 8}, "is_connected": true}
{"timestamp": "2026-04-20 00:00:56.688", "packet_id": 1, "level": 3, "algorithm": "K-Shortest (Yen's)", "path": [0, 11], "cost": 3, "effective_cost": 4.32, "hops": 1, "protocol": "SPI", "success": true}
{"timestamp": "2026-04-20 00:00:56.713", "packet_id": 10, "level": 4, "algorithm": "adaptive (congestion-aware)", "path": [0, 11], "cost": 3, "effective_cost": 4.32, "avg_load_percent": 44.0, "congested": false, "hops": 1, "decision_latency_ms": 0.4342, "success": true}
{"timestamp": "2026-04-20 00:00:56.740", "packet_id": 11, "level": 4, "algorithm": "adaptive (congestion-aware)", "path": [0, 11], "cost": 3, "effective_cost": 4.32, "avg_load_percent": 44.0, "congested": false, "hops": 1, "decision_latency_ms": 0.5586, "success": true}
{"timestamp": "2026-04-20 00:00:56.772", "packet_id": 12, "level": 4, "algorithm": "adaptive (congestion-aware)", "path": [0, 2, 11], "cost": 6, "effective_cost": 7.32, "avg_load_percent": 22.0, "congested": false, "hops": 2, "decision_latency_ms": 0.97, "success": true}
{"timestamp": "2026-04-20 00:00:56.788", "packet_id": 13, "level": 4, "algorithm": "adaptive (congestion-aware)", "path": [0, 11], "cost": 3, "effective_cost": 4.32, "avg_load_percent": 44.0, "congested": false, "hops": 1, "decision_latency_ms": 0.3973, "success": true}
{"timestamp": "2026-04-20 00:00:56.835", "packet_id": 14, "level": 4, "algorithm": "adaptive (congestion-aware)", "path": [0, 11], "cost": 3, "effective_cost": 4.32, "avg_load_percent": 44.0, "congested": false, "hops": 1, "decision_latency_ms": 0.5231, "success": true}
{"timestamp": "2026-04-20 00:00:56.866", "packet_id": 15, "level": 4, "algorithm": "adaptive (congestion-aware)", "path": [0, 3, 11], "cost": 6, "effective_cost": 8.64, "avg_load_percent": 44.0, "congested": false, "hops": 2, "decision_latency_ms": 0.484, "success": true}
{"timestamp": "2026-04-20 00:00:56.940", "packet_id": 20, "level": 5, "algorithm": "Q-Learning (autonomous)", "path": [0, 11], "cost": 3, "avg_load_percent": 44.0, "congested": false, "reached_goal": true, "predicted_risky_edges": [], "hops": 1, "decision_latency_ms": 0.0117, "training_episodes": 700, "success": true}
{"timestamp": "2026-04-20 00:00:56.978", "packet_id": 21, "level": 5, "algorithm": "Q-Learning (autonomous)", "path": [0, 11], "cost": 3, "avg_load_percent": 44.0, "congested": false, "reached_goal": true, "predicted_risky_edges": [], "hops": 1, "decision_latency_ms": 0.0109, "training_episodes": 700, "success": true}
{"timestamp": "2026-04-20 00:00:57.017", "packet_id": 22, "level": 5, "algorithm": "Q-Learning (autonomous)", "path": [0, 11], "cost": 3, "avg_load_percent": 44.0, "congested": false, "reached_goal": true, "predicted_risky_edges": [], "hops": 1, "decision_latency_ms": 0.0111, "training_episodes": 700, "success": true}
{"timestamp": "2026-04-20 00:00:57.060", "packet_id": 23, "level": 5, "algorithm": "Q-Learning (autonomous)", "path": [0, 11], "cost": 5, "avg_load_percent": 44.0, "congested": true, "reached_goal": true, "predicted_risky_edges": [], "hops": 1, "decision_latency_ms": 0.0109, "training_episodes": 700, "success": true}
{"timestamp": "2026-04-20 00:03:20.109", "type": "network_state", "nodes": 12, "edges": 32, "congested_edges": 8, "avg_load_percent": 41.25, "avg_latency_cycles": 582.25, "protocol_distribution": {"SPI": 11, "UART": 13, "I2C": 8}, "is_connected": true}
{"timestamp": "2026-04-20 00:03:20.174", "packet_id": 1, "level": 3, "algorithm": "K-Shortest (Yen's)", "path": [0, 11], "cost": 3, "effective_cost": 4.32, "hops": 1, "protocol": "SPI", "success": true}
{"timestamp": "2026-04-20 00:03:20.217", "packet_id": 10, "level": 4, "algorithm": "adaptive (congestion-aware)", "path": [0, 11], "cost": 3, "effective_cost": 4.32, "avg_load_percent": 44.0, "congested": false, "hops": 1, "decision_latency_ms": 0.9402, "success": true}
{"timestamp": "2026-04-20 00:03:20.256", "packet_id": 11, "level": 4, "algorithm": "adaptive (congestion-aware)", "path": [0, 11], "cost": 3, "effective_cost": 4.32, "avg_load_percent": 44.0, "congested": false, "hops": 1, "decision_latency_ms": 0.6338, "success": true}
{"timestamp": "2026-04-20 00:03:20.303", "packet_id": 12, "level": 4, "algorithm": "adaptive (congestion-aware)", "path": [0, 11], "cost": 3, "effective_cost": 4.32, "avg_load_percent": 44.0, "congested": false, "hops": 1, "decision_latency_ms": 0.4344, "success": true}
{"timestamp": "2026-04-20 00:03:20.328", "packet_id": 13, "level": 4, "algorithm": "adaptive (congestion-aware)", "path": [0, 3, 2, 11], "cost": 9, "effective_cost": 12.96, "avg_load_percent": 44.0, "congested": false, "hops": 3, "decision_latency_ms": 0.643, "success": true}
{"timestamp": "2026-04-20 00:03:20.369", "packet_id": 14, "level": 4, "algorithm": "adaptive (congestion-aware)", "path": [0, 2, 11], "cost": 6, "effective_cost": 8.64, "avg_load_percent": 44.0, "congested": false, "hops": 2, "decision_latency_ms": 0.8936, "success": true}
{"timestamp": "2026-04-20 00:03:20.411", "packet_id": 15, "level": 4, "algorithm": "adaptive (congestion-aware)", "path": [0, 11], "cost": 3, "effective_cost": 4.32, "avg_load_percent": 44.0, "congested": false, "hops": 1, "decision_latency_ms": 0.7518, "success": true}
{"timestamp": "2026-04-20 00:03:20.542", "packet_id": 20, "level": 5, "algorithm": "Q-Learning (autonomous)", "path": [0, 11], "cost": 3, "avg_load_percent": 0.0, "congested": true, "reached_goal": true, "predicted_risky_edges": [], "hops": 1, "decision_latency_ms": 0.0178, "training_episodes": 700, "success": true}
{"timestamp": "2026-04-20 00:03:20.594", "packet_id": 21, "level": 5, "algorithm": "Q-Learning (autonomous)", "path": [0, 11], "cost": 3, "avg_load_percent": 44.0, "congested": false, "reached_goal": true, "predicted_risky_edges": [], "hops": 1, "decision_latency_ms": 0.0127, "training_episodes": 700, "success": true}
{"timestamp": "2026-04-20 00:03:20.635", "packet_id": 22, "level": 5, "algorithm": "Q-Learning (autonomous)", "path": [0, 3, 11], "cost": 6, "avg_load_percent": 44.0, "congested": false, "reached_goal": true, "predicted_risky_edges": [], "hops": 2, "decision_latency_ms": 0.017, "training_episodes": 700, "success": true}
{"timestamp": "2026-04-20 00:03:20.665", "packet_id": 23, "level": 5, "algorithm": "Q-Learning (autonomous)", "path": [0, 3, 11], "cost": 6, "avg_load_percent": 44.0, "congested": false, "reached_goal": true, "predicted_risky_edges": [], "hops": 2, "decision_latency_ms": 0.0173, "training_episodes": 700, "success": true}
{"timestamp": "2026-04-20 00:18:56.754", "type": "network_state", "nodes": 12, "edges": 32, "congested_edges": 2, "avg_load_percent": 39.88, "avg_latency_cycles": 461.94, "protocol_distribution": {"SPI": 11, "UART": 13, "I2C": 8}, "is_connected": true}
{"timestamp": "2026-04-20 00:18:56.771", "packet_id": 1, "level": 3, "algorithm": "K-Shortest (Yen's)", "path": [0, 11], "cost": 3, "effective_cost": 4.32, "hops": 1, "protocol": "SPI", "success": true}
{"timestamp": "2026-04-20 00:18:56.785", "packet_id": 10, "level": 4, "algorithm": "adaptive (congestion-aware)", "path": [0, 11], "cost": 3, "effective_cost": 4.32, "avg_load_percent": 44.0, "congested": false, "hops": 1, "decision_latency_ms": 0.3593, "success": true}
{"timestamp": "2026-04-20 00:18:56.817", "packet_id": 11, "level": 4, "algorithm": "adaptive (congestion-aware)", "path": [0, 11], "cost": 3, "effective_cost": 4.32, "avg_load_percent": 44.0, "congested": false, "hops": 1, "decision_latency_ms": 0.3378, "success": true}
{"timestamp": "2026-04-20 00:18:56.849", "packet_id": 12, "level": 4, "algorithm": "adaptive (congestion-aware)", "path": [0, 2, 11], "cost": 6, "effective_cost": 8.64, "avg_load_percent": 44.0, "congested": false, "hops": 2, "decision_latency_ms": 0.7379, "success": true}
{"timestamp": "2026-04-20 00:18:56.880", "packet_id": 13, "level": 4, "algorithm": "adaptive (congestion-aware)", "path": [0, 11], "cost": 3, "effective_cost": 4.32, "avg_load_percent": 44.0, "congested": false, "hops": 1, "decision_latency_ms": 0.3655, "success": true}
{"timestamp": "2026-04-20 00:18:56.898", "packet_id": 14, "level": 4, "algorithm": "adaptive (congestion-aware)", "path": [0, 11], "cost": 3, "effective_cost": 4.32, "avg_load_percent": 44.0, "congested": false, "hops": 1, "decision_latency_ms": 0.418, "success": true}
{"timestamp": "2026-04-20 00:18:56.913", "packet_id": 15, "level": 4, "algorithm": "adaptive (congestion-aware)", "path": [0, 10, 11], "cost": 6, "effective_cost": 7.32, "avg_load_percent": 22.0, "congested": false, "hops": 2, "decision_latency_ms": 0.4016, "success": true}
{"timestamp": "2026-04-20 00:18:56.975", "packet_id": 20, "level": 5, "algorithm": "Q-Learning (autonomous)", "path": [0, 11], "cost": 3, "avg_load_percent": 44.0, "congested": false, "reached_goal": true, "predicted_risky_edges": [], "hops": 1, "decision_latency_ms": 0.0097, "training_episodes": 700, "success": true}
{"timestamp": "2026-04-20 00:18:56.998", "packet_id": 21, "level": 5, "algorithm": "Q-Learning (autonomous)", "path": [0, 11], "cost": 3, "avg_load_percent": 44.0, "congested": false, "reached_goal": true, "predicted_risky_edges": [], "hops": 1, "decision_latency_ms": 0.0098, "training_episodes": 700, "success": true}
{"timestamp": "2026-04-20 00:18:57.022", "packet_id": 22, "level": 5, "algorithm": "Q-Learning (autonomous)", "path": [0, 11], "cost": 3, "avg_load_percent": 44.0, "congested": false, "reached_goal": true, "predicted_risky_edges": [], "hops": 1, "decision_latency_ms": 0.008, "training_episodes": 700, "success": true}
{"timestamp": "2026-04-20 00:18:57.059", "packet_id": 23, "level": 5, "algorithm": "Q-Learning (autonomous)", "path": [0, 11], "cost": 5, "avg_load_percent": 44.0, "congested": true, "reached_goal": true, "predicted_risky_edges": [], "hops": 1, "decision_latency_ms": 0.008, "training_episodes": 700, "success": true}
{"timestamp": "2026-04-20 20:26:36.016", "type": "network_state", "nodes": 12, "edges": 32, "congested_edges": 6, "avg_load_percent": 41.25, "avg_latency_cycles": 583.81, "protocol_distribution": {"SPI": 11, "UART": 13, "I2C": 8}, "is_connected": true, "retransmit_summary": {"total_packets": 64, "total_dropped": 0, "total_retried": 0, "total_recovered": 0, "total_perm_failed": 0, "overall_drop_pct": 0.0, "retransmit_pct": 0.0, "recovery_pct": 0.0}}
{"timestamp": "2026-04-20 20:26:36.031", "packet_id": 1, "level": 3, "algorithm": "K-Shortest (Yen's)", "path": [0, 2, 11], "cost": 6, "effective_cost": 9.18, "hops": 2, "protocol": "SPI", "success": true}
{"timestamp": "2026-04-20 20:26:36.056", "packet_id": 10, "level": 4, "algorithm": "adaptive (congestion-aware)", "path": [0, 10, 11], "cost": 6, "effective_cost": 9.1, "avg_load_percent": 44.0, "congested": false, "hops": 2, "decision_latency_ms": 0.7728, "success": true}
{"timestamp": "2026-04-20 20:26:36.090", "packet_id": 11, "level": 4, "algorithm": "adaptive (congestion-aware)", "path": [0, 11], "cost": 3, "effective_cost": 4.46, "avg_load_percent": 44.0, "congested": false, "hops": 1, "decision_latency_ms": 0.6668, "success": true}
{"timestamp": "2026-04-20 20:26:36.138", "packet_id": 12, "level": 4, "algorithm": "adaptive (congestion-aware)", "path": [0, 10, 11], "cost": 6, "effective_cost": 9.1, "avg_load_percent": 44.0, "congested": false, "hops": 2, "decision_latency_ms": 0.914, "success": true}
{"timestamp": "2026-04-20 20:26:36.189", "packet_id": 13, "level": 4, "algorithm": "adaptive (congestion-aware)", "path": [0, 10, 11], "cost": 6, "effective_cost": 7.78, "avg_load_percent": 22.0, "congested": false, "hops": 2, "decision_latency_ms": 0.8922, "success": true}
{"timestamp": "2026-04-20 20:26:36.235", "packet_id": 14, "level": 4, "algorithm": "adaptive (congestion-aware)", "path": [0, 11], "cost": 3, "effective_cost": 4.46, "avg_load_percent": 44.0, "congested": false, "hops": 1, "decision_latency_ms": 0.8244, "success": true}
{"timestamp": "2026-04-20 20:26:36.282", "packet_id": 15, "level": 4, "algorithm": "adaptive (congestion-aware)", "path": [0, 11], "cost": 3, "effective_cost": 4.46, "avg_load_percent": 44.0, "congested": false, "hops": 1, "decision_latency_ms": 1.0062, "success": true}
{"timestamp": "2026-04-20 20:26:36.377", "packet_id": 20, "level": 5, "algorithm": "Q-Learning (autonomous)", "path": [0, 11], "cost": 10, "avg_load_percent": 44.0, "congested": true, "reached_goal": true, "predicted_risky_edges": [], "hops": 1, "decision_latency_ms": 0.0135, "training_episodes": 700, "success": true}
{"timestamp": "2026-04-20 20:26:36.414", "packet_id": 21, "level": 5, "algorithm": "Q-Learning (autonomous)", "path": [0, 11], "cost": 10, "avg_load_percent": 44.0, "congested": true, "reached_goal": true, "predicted_risky_edges": [], "hops": 1, "decision_latency_ms": 0.0101, "training_episodes": 700, "success": true}
{"timestamp": "2026-04-20 20:26:36.456", "packet_id": 22, "level": 5, "algorithm": "Q-Learning (autonomous)", "path": [0, 11], "cost": 5, "avg_load_percent": 44.0, "congested": true, "reached_goal": true, "predicted_risky_edges": [], "hops": 1, "decision_latency_ms": 0.0155, "training_episodes": 700, "success": true}
{"timestamp": "2026-04-20 20:26:36.489", "packet_id": 23, "level": 5, "algorithm": "Q-Learning (autonomous)", "path": [0, 11], "cost": 5, "avg_load_percent": 44.0, "congested": true, "reached_goal": true, "predicted_risky_edges": [], "hops": 1, "decision_latency_ms": 0.0099, "training_episodes": 700, "success": true}
{"timestamp": "2026-04-20 23:23:48.486", "type": "network_state", "nodes": 12, "edges": 32, "congested_edges": 7, "avg_load_percent": 42.62, "avg_latency_cycles": 634.59, "protocol_distribution": {"SPI": 11, "UART": 13, "I2C": 8}, "is_connected": true, "retransmit_summary": {"total_packets": 64, "total_dropped": 0, "total_retried": 0, "total_recovered": 0, "total_perm_failed": 0, "overall_drop_pct": 0.0, "retransmit_pct": 0.0, "recovery_pct": 0.0}}
{"timestamp": "2026-04-20 23:23:48.502", "packet_id": 1, "level": 3, "algorithm": "K-Shortest (Yen's)", "path": [0, 2, 11], "cost": 6, "effective_cost": 9.18, "hops": 2, "protocol": "SPI", "success": true}
{"timestamp": "2026-04-20 23:23:48.519", "packet_id": 10, "level": 4, "algorithm": "adaptive (congestion-aware)", "path": [0, 3, 11], "cost": 6, "effective_cost": 7.91, "avg_load_percent": 22.0, "congested": false, "hops": 2, "decision_latency_ms": 0.5653, "success": true}
{"timestamp": "2026-04-20 23:23:48.566", "packet_id": 11, "level": 4, "algorithm": "adaptive (congestion-aware)", "path": [0, 3, 11], "cost": 6, "effective_cost": 7.91, "avg_load_percent": 22.0, "congested": false, "hops": 2, "decision_latency_ms": 0.6364, "success": true}
{"timestamp": "2026-04-20 23:23:48.597", "packet_id": 12, "level": 4, "algorithm": "adaptive (congestion-aware)", "path": [0, 11], "cost": 3, "effective_cost": 3.54, "avg_load_percent": 0.0, "congested": false, "hops": 1, "decision_latency_ms": 0.4135, "success": true}
{"timestamp": "2026-04-20 23:23:48.629", "packet_id": 13, "level": 4, "algorithm": "adaptive (congestion-aware)", "path": [0, 11], "cost": 3, "effective_cost": 4.86, "avg_load_percent": 44.0, "congested": false, "hops": 1, "decision_latency_ms": 1.0387, "success": true}
{"timestamp": "2026-04-20 23:23:48.677", "packet_id": 14, "level": 4, "algorithm": "adaptive (congestion-aware)", "path": [0, 11], "cost": 3, "effective_cost": 4.86, "avg_load_percent": 44.0, "congested": false, "hops": 1, "decision_latency_ms": 0.9298, "success": true}
{"timestamp": "2026-04-20 23:23:48.708", "packet_id": 15, "level": 4, "algorithm": "adaptive (congestion-aware)", "path": [0, 2, 11], "cost": 6, "effective_cost": 9.18, "avg_load_percent": 44.0, "congested": false, "hops": 2, "decision_latency_ms": 0.4324, "success": true}
{"timestamp": "2026-04-20 23:23:48.783", "packet_id": 20, "level": 5, "algorithm": "Q-Learning (autonomous)", "path": [0, 11], "cost": 10, "avg_load_percent": 44.0, "congested": true, "reached_goal": true, "predicted_risky_edges": [], "hops": 1, "decision_latency_ms": 0.0153, "training_episodes": 700, "success": true}
{"timestamp": "2026-04-20 23:23:48.820", "packet_id": 21, "level": 5, "algorithm": "Q-Learning (autonomous)", "path": [0, 11], "cost": 3, "avg_load_percent": 44.0, "congested": false, "reached_goal": true, "predicted_risky_edges": [], "hops": 1, "decision_latency_ms": 0.0106, "training_episodes": 700, "success": true}
{"timestamp": "2026-04-20 23:23:48.852", "packet_id": 22, "level": 5, "algorithm": "Q-Learning (autonomous)", "path": [0, 11], "cost": 5, "avg_load_percent": 44.0, "congested": true, "reached_goal": true, "predicted_risky_edges": [], "hops": 1, "decision_latency_ms": 0.0119, "training_episodes": 700, "success": true}
{"timestamp": "2026-04-20 23:23:48.884", "packet_id": 23, "level": 5, "algorithm": "Q-Learning (autonomous)", "path": [0, 11], "cost": 10, "avg_load_percent": 44.0, "congested": true, "reached_goal": true, "predicted_risky_edges": [], "hops": 1, "decision_latency_ms": 0.0103, "training_episodes": 700, "success": true}
{"timestamp": "2026-04-21 23:44:53.127", "type": "network_state", "nodes": 12, "edges": 32, "congested_edges": 5, "avg_load_percent": 44.0, "avg_latency_cycles": 557.25, "protocol_distribution": {"SPI": 11, "UART": 13, "I2C": 8}, "is_connected": true, "retransmit_summary": {"total_packets": 64, "total_dropped": 0, "total_retried": 0, "total_recovered": 0, "total_perm_failed": 0, "overall_drop_pct": 0.0, "retransmit_pct": 0.0, "recovery_pct": 0.0}}
{"timestamp": "2026-04-21 23:44:53.146", "packet_id": 1, "level": 3, "algorithm": "K-Shortest (Yen's)", "path": [0, 11], "cost": 3, "effective_cost": 4.86, "hops": 1, "protocol": "SPI", "success": true}
{"timestamp": "2026-04-21 23:44:53.160", "packet_id": 10, "level": 4, "algorithm": "adaptive (congestion-aware)", "path": [0, 11], "cost": 3, "effective_cost": 4.86, "avg_load_percent": 44.0, "congested": false, "hops": 1, "decision_latency_ms": 0.4478, "success": true}
{"timestamp": "2026-04-21 23:44:53.191", "packet_id": 11, "level": 4, "algorithm": "adaptive (congestion-aware)", "path": [0, 10, 11], "cost": 6, "effective_cost": 9.1, "avg_load_percent": 44.0, "congested": false, "hops": 2, "decision_latency_ms": 0.9658, "success": true}
{"timestamp": "2026-04-21 23:44:53.224", "packet_id": 12, "level": 4, "algorithm": "adaptive (congestion-aware)", "path": [0, 11], "cost": 3, "effective_cost": 4.86, "avg_load_percent": 44.0, "congested": false, "hops": 1, "decision_latency_ms": 0.4663, "success": true}
{"timestamp": "2026-04-21 23:44:53.253", "packet_id": 13, "level": 4, "algorithm": "adaptive (congestion-aware)", "path": [0, 11], "cost": 3, "effective_cost": 4.86, "avg_load_percent": 44.0, "congested": false, "hops": 1, "decision_latency_ms": 0.5143, "success": true}
{"timestamp": "2026-04-21 23:44:53.285", "packet_id": 14, "level": 4, "algorithm": "adaptive (congestion-aware)", "path": [0, 11], "cost": 3, "effective_cost": 4.86, "avg_load_percent": 44.0, "congested": false, "hops": 1, "decision_latency_ms": 0.4864, "success": true}
{"timestamp": "2026-04-21 23:44:53.317", "packet_id": 15, "level": 4, "algorithm": "adaptive (congestion-aware)", "path": [0, 11], "cost": 3, "effective_cost": 4.86, "avg_load_percent": 44.0, "congested": false, "hops": 1, "decision_latency_ms": 1.0374, "success": true}
{"timestamp": "2026-04-21 23:44:53.397", "packet_id": 20, "level": 5, "algorithm": "Q-Learning (autonomous)", "path": [0, 3, 11], "cost": 6, "avg_load_percent": 44.0, "congested": false, "reached_goal": true, "predicted_risky_edges": [], "hops": 2, "decision_latency_ms": 0.0177, "training_episodes": 700, "success": true}
{"timestamp": "2026-04-21 23:44:53.429", "packet_id": 21, "level": 5, "algorithm": "Q-Learning (autonomous)", "path": [0, 3, 11], "cost": 6, "avg_load_percent": 22.0, "congested": false, "reached_goal": true, "predicted_risky_edges": [], "hops": 2, "decision_latency_ms": 0.0172, "training_episodes": 700, "success": true}
{"timestamp": "2026-04-21 23:44:53.464", "packet_id": 22, "level": 5, "algorithm": "Q-Learning (autonomous)", "path": [0, 3, 11], "cost": 6, "avg_load_percent": 44.0, "congested": false, "reached_goal": true, "predicted_risky_edges": [], "hops": 2, "decision_latency_ms": 0.0199, "training_episodes": 700, "success": true}
{"timestamp": "2026-04-21 23:44:53.501", "packet_id": 23, "level": 5, "algorithm": "Q-Learning (autonomous)", "path": [0, 3, 2, 11], "cost": 9, "avg_load_percent": 44.0, "congested": false, "reached_goal": true, "predicted_risky_edges": [], "hops": 3, "decision_latency_ms": 0.0246, "training_episodes": 700, "success": true}
{"timestamp": "2026-04-22 00:21:12.849", "type": "network_state", "nodes": 12, "edges": 32, "congested_edges": 7, "avg_load_percent": 39.88, "avg_latency_cycles": 595.53, "protocol_distribution": {"SPI": 11, "UART": 13, "I2C": 8}, "is_connected": true, "retransmit_summary": {"total_packets": 64, "total_dropped": 1, "total_retried": 1, "total_recovered": 1, "total_perm_failed": 0, "overall_drop_pct": 1.56, "retransmit_pct": 1.56, "recovery_pct": 100.0}}
{"timestamp": "2026-04-22 00:21:12.860", "packet_id": 1, "level": 3, "algorithm": "K-Shortest (Yen's)", "path": [0, 11], "cost": 3, "effective_cost": 4.86, "hops": 1, "protocol": "SPI", "success": true}
{"timestamp": "2026-04-22 00:21:12.888", "packet_id": 10, "level": 4, "algorithm": "adaptive (congestion-aware)", "path": [0, 11], "cost": 3, "effective_cost": 4.86, "avg_load_percent": 44.0, "congested": false, "hops": 1, "decision_latency_ms": 0.4367, "success": true}
{"timestamp": "2026-04-22 00:21:12.927", "packet_id": 11, "level": 4, "algorithm": "adaptive (congestion-aware)", "path": [0, 11], "cost": 3, "effective_cost": 4.86, "avg_load_percent": 44.0, "congested": false, "hops": 1, "decision_latency_ms": 0.5812, "success": true}
{"timestamp": "2026-04-22 00:21:12.967", "packet_id": 12, "level": 4, "algorithm": "adaptive (congestion-aware)", "path": [0, 11], "cost": 3, "effective_cost": 4.86, "avg_load_percent": 44.0, "congested": false, "hops": 1, "decision_latency_ms": 0.5174, "success": true}
{"timestamp": "2026-04-22 00:21:13.007", "packet_id": 13, "level": 4, "algorithm": "adaptive (congestion-aware)", "path": [0, 11], "cost": 3, "effective_cost": 4.86, "avg_load_percent": 44.0, "congested": false, "hops": 1, "decision_latency_ms": 0.5204, "success": true}
{"timestamp": "2026-04-22 00:21:13.043", "packet_id": 14, "level": 4, "algorithm": "adaptive (congestion-aware)", "path": [0, 11], "cost": 3, "effective_cost": 4.86, "avg_load_percent": 44.0, "congested": false, "hops": 1, "decision_latency_ms": 0.5707, "success": true}
{"timestamp": "2026-04-22 00:21:13.085", "packet_id": 15, "level": 4, "algorithm": "adaptive (congestion-aware)", "path": [0, 11], "cost": 3, "effective_cost": 4.86, "avg_load_percent": 44.0, "congested": false, "hops": 1, "decision_latency_ms": 1.1081, "success": true}
{"timestamp": "2026-04-22 00:21:13.196", "packet_id": 20, "level": 5, "algorithm": "Q-Learning (autonomous)", "path": [0, 11], "cost": 3, "avg_load_percent": 44.0, "congested": false, "reached_goal": true, "predicted_risky_edges": [], "hops": 1, "decision_latency_ms": 0.012, "training_episodes": 700, "success": true}
{"timestamp": "2026-04-22 00:21:13.242", "packet_id": 21, "level": 5, "algorithm": "Q-Learning (autonomous)", "path": [0, 11], "cost": 3, "avg_load_percent": 44.0, "congested": false, "reached_goal": true, "predicted_risky_edges": [], "hops": 1, "decision_latency_ms": 0.0106, "training_episodes": 700, "success": true}
{"timestamp": "2026-04-22 00:21:13.290", "packet_id": 22, "level": 5, "algorithm": "Q-Learning (autonomous)", "path": [0, 11], "cost": 3, "avg_load_percent": 44.0, "congested": false, "reached_goal": true, "predicted_risky_edges": [], "hops": 1, "decision_latency_ms": 0.0111, "training_episodes": 700, "success": true}
{"timestamp": "2026-04-22 00:21:13.343", "packet_id": 23, "level": 5, "algorithm": "Q-Learning (autonomous)", "path": [0, 11], "cost": 3, "avg_load_percent": 44.0, "congested": false, "reached_goal": true, "predicted_risky_edges": [], "hops": 1, "decision_latency_ms": 0.0107, "training_episodes": 700, "success": true}
{"timestamp": "2026-04-22 00:35:06.636", "type": "network_state", "nodes": 12, "edges": 32, "congested_edges": 5, "avg_load_percent": 41.25, "avg_latency_cycles": 546.31, "protocol_distribution": {"SPI": 11, "UART": 13, "I2C": 8}, "is_connected": true, "retransmit_summary": {"total_packets": 64, "total_dropped": 1, "total_retried": 1, "total_recovered": 1, "total_perm_failed": 0, "overall_drop_pct": 1.56, "retransmit_pct": 1.56, "recovery_pct": 100.0}}
{"timestamp": "2026-04-22 00:35:06.649", "packet_id": 1, "level": 3, "algorithm": "K-Shortest (Yen's)", "path": [0, 11], "cost": 3, "effective_cost": 4.86, "hops": 1, "protocol": "SPI", "success": true}
{"timestamp": "2026-04-22 00:35:06.667", "packet_id": 10, "level": 4, "algorithm": "adaptive (congestion-aware)", "path": [0, 11], "cost": 3, "effective_cost": 4.86, "avg_load_percent": 44.0, "congested": false, "hops": 1, "decision_latency_ms": 0.3822, "success": true}
{"timestamp": "2026-04-22 00:35:06.715", "packet_id": 11, "level": 4, "algorithm": "adaptive (congestion-aware)", "path": [0, 11], "cost": 3, "effective_cost": 4.86, "avg_load_percent": 44.0, "congested": false, "hops": 1, "decision_latency_ms": 0.3896, "success": true}
{"timestamp": "2026-04-22 00:35:06.747", "packet_id": 12, "level": 4, "algorithm": "adaptive (congestion-aware)", "path": [0, 11], "cost": 3, "effective_cost": 4.86, "avg_load_percent": 44.0, "congested": false, "hops": 1, "decision_latency_ms": 0.3906, "success": true}
{"timestamp": "2026-04-22 00:35:06.784", "packet_id": 13, "level": 4, "algorithm": "adaptive (congestion-aware)", "path": [0, 11], "cost": 3, "effective_cost": 4.86, "avg_load_percent": 44.0, "congested": false, "hops": 1, "decision_latency_ms": 0.6345, "success": true}
{"timestamp": "2026-04-22 00:35:06.812", "packet_id": 14, "level": 4, "algorithm": "adaptive (congestion-aware)", "path": [0, 11], "cost": 3, "effective_cost": 4.86, "avg_load_percent": 44.0, "congested": false, "hops": 1, "decision_latency_ms": 0.6487, "success": true}
{"timestamp": "2026-04-22 00:35:06.852", "packet_id": 15, "level": 4, "algorithm": "adaptive (congestion-aware)", "path": [0, 11], "cost": 3, "effective_cost": 4.86, "avg_load_percent": 44.0, "congested": false, "hops": 1, "decision_latency_ms": 0.567, "success": true}
{"timestamp": "2026-04-22 00:35:06.954", "packet_id": 20, "level": 5, "algorithm": "Q-Learning (autonomous)", "path": [0, 11], "cost": 3, "avg_load_percent": 44.0, "congested": false, "reached_goal": true, "predicted_risky_edges": [], "hops": 1, "decision_latency_ms": 0.0118, "training_episodes": 700, "success": true}
{"timestamp": "2026-04-22 00:35:06.986", "packet_id": 21, "level": 5, "algorithm": "Q-Learning (autonomous)", "path": [0, 11], "cost": 3, "avg_load_percent": 44.0, "congested": false, "reached_goal": true, "predicted_risky_edges": [], "hops": 1, "decision_latency_ms": 0.0106, "training_episodes": 700, "success": true}
{"timestamp": "2026-04-22 00:35:07.029", "packet_id": 22, "level": 5, "algorithm": "Q-Learning (autonomous)", "path": [0, 11], "cost": 3, "avg_load_percent": 44.0, "congested": false, "reached_goal": true, "predicted_risky_edges": [], "hops": 1, "decision_latency_ms": 0.0101, "training_episodes": 700, "success": true}
{"timestamp": "2026-04-22 00:35:07.067", "packet_id": 23, "level": 5, "algorithm": "Q-Learning (autonomous)", "path": [0, 11], "cost": 3, "avg_load_percent": 44.0, "congested": false, "reached_goal": true, "predicted_risky_edges": [], "hops": 1, "decision_latency_ms": 0.0145, "training_episodes": 700, "success": true}
{"timestamp": "2026-04-22 00:46:17.273", "type": "network_state", "nodes": 12, "edges": 32, "congested_edges": 4, "avg_load_percent": 35.75, "avg_latency_cycles": 474.44, "protocol_distribution": {"UART": 26, "SPI": 5, "I2C": 1}, "is_connected": true, "retransmit_summary": {"total_packets": 64, "total_dropped": 3, "total_retried": 3, "total_recovered": 3, "total_perm_failed": 0, "overall_drop_pct": 4.69, "retransmit_pct": 4.69, "recovery_pct": 100.0}}
{"timestamp": "2026-04-22 00:46:17.284", "packet_id": 1, "level": 3, "algorithm": "K-Shortest (Yen's)", "path": [0, 11], "cost": 3, "effective_cost": 9, "hops": 1, "protocol": "UART", "success": true}
{"timestamp": "2026-04-22 00:46:17.304", "packet_id": 10, "level": 4, "algorithm": "adaptive (congestion-aware)", "path": [0, 11], "cost": 3, "effective_cost": 4.37, "avg_load_percent": 44.0, "congested": false, "hops": 1, "decision_latency_ms": 0.5405, "success": true}
{"timestamp": "2026-04-22 00:46:17.336", "packet_id": 11, "level": 4, "algorithm": "adaptive (congestion-aware)", "path": [0, 11], "cost": 3, "effective_cost": 4.37, "avg_load_percent": 44.0, "congested": false, "hops": 1, "decision_latency_ms": 0.4146, "success": true}
{"timestamp": "2026-04-22 00:46:17.374", "packet_id": 12, "level": 4, "algorithm": "adaptive (congestion-aware)", "path": [0, 11], "cost": 3, "effective_cost": 4.37, "avg_load_percent": 44.0, "congested": false, "hops": 1, "decision_latency_ms": 0.4078, "success": true}
{"timestamp": "2026-04-22 00:46:17.415", "packet_id": 13, "level": 4, "algorithm": "adaptive (congestion-aware)", "path": [0, 2, 11], "cost": 6, "effective_cost": 8.75, "avg_load_percent": 44.0, "congested": false, "hops": 2, "decision_latency_ms": 0.8611, "success": true}
{"timestamp": "2026-04-22 00:46:17.451", "packet_id": 14, "level": 4, "algorithm": "adaptive (congestion-aware)", "path": [0, 11], "cost": 3, "effective_cost": 4.37, "avg_load_percent": 44.0, "congested": false, "hops": 1, "decision_latency_ms": 0.4262, "success": true}
{"timestamp": "2026-04-22 00:46:17.505", "packet_id": 15, "level": 4, "algorithm": "adaptive (congestion-aware)", "path": [0, 3, 11], "cost": 6, "effective_cost": 7.43, "avg_load_percent": 22.0, "congested": false, "hops": 2, "decision_latency_ms": 0.7645, "success": true}
{"timestamp": "2026-04-22 00:46:17.589", "packet_id": 20, "level": 5, "algorithm": "Q-Learning (autonomous)", "path": [0, 3, 11], "cost": 6, "avg_load_percent": 44.0, "congested": false, "reached_goal": true, "predicted_risky_edges": [], "hops": 2, "decision_latency_ms": 0.0944, "training_episodes": 700, "success": true}
{"timestamp": "2026-04-22 00:46:17.637", "packet_id": 21, "level": 5, "algorithm": "Q-Learning (autonomous)", "path": [0, 3, 11], "cost": 6, "avg_load_percent": 44.0, "congested": false, "reached_goal": true, "predicted_risky_edges": [], "hops": 2, "decision_latency_ms": 0.017, "training_episodes": 700, "success": true}
{"timestamp": "2026-04-22 00:46:17.678", "packet_id": 22, "level": 5, "algorithm": "Q-Learning (autonomous)", "path": [0, 3, 11], "cost": 6, "avg_load_percent": 44.0, "congested": false, "reached_goal": true, "predicted_risky_edges": [], "hops": 2, "decision_latency_ms": 0.0169, "training_episodes": 700, "success": true}
{"timestamp": "2026-04-22 00:46:17.725", "packet_id": 23, "level": 5, "algorithm": "Q-Learning (autonomous)", "path": [0, 3, 11], "cost": 6, "avg_load_percent": 22.0, "congested": false, "reached_goal": true, "predicted_risky_edges": [], "hops": 2, "decision_latency_ms": 0.0175, "training_episodes": 700, "success": true}
{"timestamp": "2026-04-22 00:58:54.707", "type": "network_state", "nodes": 12, "edges": 32, "congested_edges": 11, "avg_load_percent": 55.38, "avg_latency_cycles": 671.31, "protocol_distribution": {"SPI": 11, "I2C": 18, "UART": 3}, "is_connected": true, "retransmit_summary": {"total_packets": 32, "total_dropped": 0, "total_retried": 0, "total_recovered": 0, "total_perm_failed": 0, "overall_drop_pct": 0.0, "retransmit_pct": 0.0, "recovery_pct": 0.0}}
{"timestamp": "2026-04-22 00:58:54.718", "packet_id": 1, "level": 3, "algorithm": "K-Shortest (Yen's)", "path": [0, 11], "cost": 2, "effective_cost": 6, "hops": 1, "protocol": "SPI", "success": true}
{"timestamp": "2026-04-22 00:58:54.718", "packet_id": 10, "level": 4, "algorithm": "adaptive (congestion-aware)", "path": [0, 11], "cost": 6, "effective_cost": 8.28, "avg_load_percent": 29.0, "congested": false, "hops": 1, "decision_latency_ms": 0.6904, "success": true}
{"timestamp": "2026-04-22 00:58:54.733", "packet_id": 11, "level": 4, "algorithm": "adaptive (congestion-aware)", "path": [0, 10, 11], "cost": 8, "effective_cost": 10.66, "avg_load_percent": 25.5, "congested": false, "hops": 2, "decision_latency_ms": 1.0369, "success": true}
{"timestamp": "2026-04-22 00:58:54.749", "packet_id": 12, "level": 4, "algorithm": "adaptive (congestion-aware)", "path": [0, 10, 5, 4, 11], "cost": 9, "effective_cost": 15.26, "avg_load_percent": 43.75, "congested": false, "hops": 4, "decision_latency_ms": 1.2703, "success": true}
{"timestamp": "2026-04-22 00:58:54.765", "packet_id": 13, "level": 4, "algorithm": "adaptive (congestion-aware)", "path": [0, 10, 11], "cost": 4, "effective_cost": 5.96, "avg_load_percent": 29.0, "congested": false, "hops": 2, "decision_latency_ms": 1.363, "success": true}
{"timestamp": "2026-04-22 00:58:54.781", "packet_id": 14, "level": 4, "algorithm": "adaptive (congestion-aware)", "path": [0, 10, 11], "cost": 2, "effective_cost": 3.49, "avg_load_percent": 34.5, "congested": false, "hops": 2, "decision_latency_ms": 0.756, "success": true}
{"timestamp": "2026-04-22 00:58:54.797", "packet_id": 15, "level": 4, "algorithm": "adaptive (congestion-aware)", "path": [0, 10, 11], "cost": 6, "effective_cost": 10.15, "avg_load_percent": 59.5, "congested": false, "hops": 2, "decision_latency_ms": 1.0655, "success": true}
{"timestamp": "2026-04-22 00:58:54.862", "packet_id": 20, "level": 5, "algorithm": "Q-Learning (autonomous)", "path": [0, 11], "cost": 10, "avg_load_percent": 66.0, "congested": false, "reached_goal": true, "predicted_risky_edges": [[0, 11, 66.0]], "hops": 1, "decision_latency_ms": 0.0101, "training_episodes": 700, "success": true}
{"timestamp": "2026-04-22 00:58:54.876", "packet_id": 21, "level": 5, "algorithm": "Q-Learning (autonomous)", "path": [0, 11], "cost": 10, "avg_load_percent": 28.0, "congested": false, "reached_goal": true, "predicted_risky_edges": [], "hops": 1, "decision_latency_ms": 0.0088, "training_episodes": 700, "success": true}
{"timestamp": "2026-04-22 00:58:54.891", "packet_id": 22, "level": 5, "algorithm": "Q-Learning (autonomous)", "path": [0, 11], "cost": 11, "avg_load_percent": 17.0, "congested": false, "reached_goal": true, "predicted_risky_edges": [], "hops": 1, "decision_latency_ms": 0.0088, "training_episodes": 700, "success": true}
{"timestamp": "2026-04-22 00:58:54.904", "packet_id": 23, "level": 5, "algorithm": "Q-Learning (autonomous)", "path": [0, 11], "cost": 9, "avg_load_percent": 42.0, "congested": false, "reached_goal": true, "predicted_risky_edges": [], "hops": 1, "decision_latency_ms": 0.0282, "training_episodes": 700, "success": true}
{"timestamp": "2026-04-22 01:06:34.654", "type": "network_state", "nodes": 12, "edges": 32, "congested_edges": 11, "avg_load_percent": 55.38, "avg_latency_cycles": 545.53, "protocol_distribution": {"SPI": 10, "I2C": 12, "UART": 10}, "is_connected": true, "retransmit_summary": {"total_packets": 32, "total_dropped": 0, "total_retried": 0, "total_recovered": 0, "total_perm_failed": 0, "overall_drop_pct": 0.0, "retransmit_pct": 0.0, "recovery_pct": 0.0}}
{"timestamp": "2026-04-22 01:06:34.661", "packet_id": 1, "level": 3, "algorithm": "K-Shortest (Yen's)", "path": [0, 11], "cost": 2, "effective_cost": 6, "hops": 1, "protocol": "UART", "success": true}
{"timestamp": "2026-04-22 01:06:34.666", "packet_id": 10, "level": 4, "algorithm": "adaptive (congestion-aware)", "path": [0, 11], "cost": 6, "effective_cost": 7.79, "avg_load_percent": 29.0, "congested": false, "hops": 1, "decision_latency_ms": 0.5453, "success": true}
{"timestamp": "2026-04-22 01:06:34.682", "packet_id": 11, "level": 4, "algorithm": "adaptive (congestion-aware)", "path": [0, 10, 11], "cost": 8, "effective_cost": 10.8, "avg_load_percent": 25.5, "congested": false, "hops": 2, "decision_latency_ms": 0.9425, "success": true}
{"timestamp": "2026-04-22 01:06:34.714", "packet_id": 12, "level": 4, "algorithm": "adaptive (congestion-aware)", "path": [0, 10, 11], "cost": 8, "effective_cost": 12.82, "avg_load_percent": 39.0, "congested": false, "hops": 2, "decision_latency_ms": 1.0739, "success": true}
{"timestamp": "2026-04-22 01:06:34.730", "packet_id": 13, "level": 4, "algorithm": "adaptive (congestion-aware)", "path": [0, 10, 11], "cost": 4, "effective_cost": 6.1, "avg_load_percent": 29.0, "congested": false, "hops": 2, "decision_latency_ms": 1.0921, "success": true}
{"timestamp": "2026-04-22 01:06:34.746", "packet_id": 14, "level": 4, "algorithm": "adaptive (congestion-aware)", "path": [0, 10, 11], "cost": 2, "effective_cost": 3.63, "avg_load_percent": 34.5, "congested": false, "hops": 2, "decision_latency_ms": 1.5073, "success": true}
{"timestamp": "2026-04-22 01:06:34.762", "packet_id": 15, "level": 4, "algorithm": "adaptive (congestion-aware)", "path": [0, 10, 11], "cost": 6, "effective_cost": 10.29, "avg_load_percent": 59.5, "congested": false, "hops": 2, "decision_latency_ms": 1.2579, "success": true}
{"timestamp": "2026-04-22 01:06:34.822", "packet_id": 20, "level": 5, "algorithm": "Q-Learning (autonomous)", "path": [0, 11], "cost": 10, "avg_load_percent": 66.0, "congested": false, "reached_goal": true, "predicted_risky_edges": [[0, 11, 66.0]], "hops": 1, "decision_latency_ms": 0.0103, "training_episodes": 700, "success": true}
{"timestamp": "2026-04-22 01:06:34.836", "packet_id": 21, "level": 5, "algorithm": "Q-Learning (autonomous)", "path": [0, 11], "cost": 11, "avg_load_percent": 0.0, "congested": false, "reached_goal": true, "predicted_risky_edges": [], "hops": 1, "decision_latency_ms": 0.0082, "training_episodes": 700, "success": true}
{"timestamp": "2026-04-22 01:06:34.853", "packet_id": 22, "level": 5, "algorithm": "Q-Learning (autonomous)", "path": [0, 11], "cost": 9, "avg_load_percent": 96.0, "congested": true, "reached_goal": true, "predicted_risky_edges": [[0, 11, 96.0]], "hops": 1, "decision_latency_ms": 0.0096, "training_episodes": 700, "success": true}
{"timestamp": "2026-04-22 01:06:34.860", "packet_id": 23, "level": 5, "algorithm": "Q-Learning (autonomous)", "path": [0, 11], "cost": 7, "avg_load_percent": 86.0, "congested": true, "reached_goal": true, "predicted_risky_edges": [[0, 11, 86.0]], "hops": 1, "decision_latency_ms": 0.0088, "training_episodes": 700, "success": true}
{"timestamp": "2026-04-22 01:19:38.774", "type": "network_state", "nodes": 12, "edges": 32, "congested_edges": 11, "avg_load_percent": 55.66, "avg_latency_cycles": 646.31, "protocol_distribution": {"SPI": 14, "UART": 9, "I2C": 9}, "is_connected": true, "retransmit_summary": {"total_packets": 32, "total_dropped": 1, "total_retried": 1, "total_recovered": 1, "total_perm_failed": 0, "overall_drop_pct": 3.12, "retransmit_pct": 3.12, "recovery_pct": 100.0}}
{"timestamp": "2026-04-22 01:19:38.789", "packet_id": 1, "level": 3, "algorithm": "K-Shortest (Yen's)", "path": [0, 10, 11], "cost": 3, "effective_cost": 7.85, "hops": 2, "protocol": "UART", "success": true}
{"timestamp": "2026-04-22 01:19:38.789", "packet_id": 10, "level": 4, "algorithm": "adaptive (congestion-aware)", "path": [0, 11], "cost": 3, "effective_cost": 3.54, "avg_load_percent": 0.0, "congested": false, "hops": 1, "decision_latency_ms": 0.8077, "success": true}
{"timestamp": "2026-04-22 01:19:38.805", "packet_id": 11, "level": 4, "algorithm": "adaptive (congestion-aware)", "path": [0, 11], "cost": 6, "effective_cost": 8.16, "avg_load_percent": 27.0, "congested": false, "hops": 1, "decision_latency_ms": 1.4613, "success": true}
{"timestamp": "2026-04-22 01:19:38.821", "packet_id": 12, "level": 4, "algorithm": "adaptive (congestion-aware)", "path": [0, 11], "cost": 3, "effective_cost": 3.57, "avg_load_percent": 1.0, "congested": false, "hops": 1, "decision_latency_ms": 1.6821, "success": true}
{"timestamp": "2026-04-22 01:19:38.839", "packet_id": 13, "level": 4, "algorithm": "adaptive (congestion-aware)", "path": [0, 11], "cost": 1, "effective_cost": 2.23, "avg_load_percent": 69.0, "congested": false, "hops": 1, "decision_latency_ms": 1.7926, "success": true}
{"timestamp": "2026-04-22 01:19:38.853", "packet_id": 14, "level": 4, "algorithm": "adaptive (congestion-aware)", "path": [0, 11], "cost": 1, "effective_cost": 1.58, "avg_load_percent": 4.0, "congested": false, "hops": 1, "decision_latency_ms": 1.4023, "success": true}
{"timestamp": "2026-04-22 01:19:38.870", "packet_id": 15, "level": 4, "algorithm": "adaptive (congestion-aware)", "path": [0, 3, 11], "cost": 8, "effective_cost": 12.43, "avg_load_percent": 48.0, "congested": false, "hops": 2, "decision_latency_ms": 1.228, "success": true}
{"timestamp": "2026-04-22 01:19:38.933", "packet_id": 20, "level": 5, "algorithm": "Q-Learning (autonomous)", "path": [0, 11], "cost": 1, "avg_load_percent": 40.0, "congested": false, "reached_goal": true, "predicted_risky_edges": [], "hops": 1, "decision_latency_ms": 0.0103, "training_episodes": 700, "success": true}
{"timestamp": "2026-04-22 01:19:38.955", "packet_id": 21, "level": 5, "algorithm": "Q-Learning (autonomous)", "path": [0, 11], "cost": 1, "avg_load_percent": 21.0, "congested": false, "reached_goal": true, "predicted_risky_edges": [], "hops": 1, "decision_latency_ms": 0.0095, "training_episodes": 700, "success": true}
{"timestamp": "2026-04-22 01:19:38.964", "packet_id": 22, "level": 5, "algorithm": "Q-Learning (autonomous)", "path": [0, 11], "cost": 1, "avg_load_percent": 7.0, "congested": false, "reached_goal": true, "predicted_risky_edges": [], "hops": 1, "decision_latency_ms": 0.0085, "training_episodes": 700, "success": true}
{"timestamp": "2026-04-22 01:19:38.981", "packet_id": 23, "level": 5, "algorithm": "Q-Learning (autonomous)", "path": [0, 11], "cost": 1, "avg_load_percent": 58.0, "congested": false, "reached_goal": true, "predicted_risky_edges": [], "hops": 1, "decision_latency_ms": 0.0085, "training_episodes": 700, "success": true}
{"timestamp": "2026-04-22 01:23:45.064", "type": "network_state", "nodes": 12, "edges": 32, "congested_edges": 11, "avg_load_percent": 55.38, "avg_latency_cycles": 536.16, "protocol_distribution": {"UART": 18, "SPI": 7, "I2C": 7}, "is_connected": true, "retransmit_summary": {"total_packets": 32, "total_dropped": 0, "total_retried": 0, "total_recovered": 0, "total_perm_failed": 0, "overall_drop_pct": 0.0, "retransmit_pct": 0.0, "recovery_pct": 0.0}}
{"timestamp": "2026-04-22 01:23:45.072", "packet_id": 1, "level": 3, "algorithm": "K-Shortest (Yen's)", "path": [0, 11], "cost": 2, "effective_cost": 6, "hops": 1, "protocol": "UART", "success": true}
{"timestamp": "2026-04-22 01:23:45.082", "packet_id": 10, "level": 4, "algorithm": "adaptive (congestion-aware)", "path": [0, 11], "cost": 6, "effective_cost": 7.79, "avg_load_percent": 29.0, "congested": false, "hops": 1, "decision_latency_ms": 0.6044, "success": true}
{"timestamp": "2026-04-22 01:23:45.106", "packet_id": 11, "level": 4, "algorithm": "adaptive (congestion-aware)", "path": [0, 11], "cost": 8, "effective_cost": 13.01, "avg_load_percent": 62.0, "congested": false, "hops": 1, "decision_latency_ms": 1.8178, "success": true}
{"timestamp": "2026-04-22 01:23:45.119", "packet_id": 12, "level": 4, "algorithm": "adaptive (congestion-aware)", "path": [0, 3, 1, 10, 11], "cost": 7, "effective_cost": 10.03, "avg_load_percent": 28.75, "congested": true, "hops": 4, "decision_latency_ms": 1.3509, "success": true}
{"timestamp": "2026-04-22 01:23:45.137", "packet_id": 13, "level": 4, "algorithm": "adaptive (congestion-aware)", "path": [0, 3, 8, 5, 10, 11], "cost": 8, "effective_cost": 12.91, "avg_load_percent": 46.0, "congested": false, "hops": 5, "decision_latency_ms": 1.8105, "success": true}
{"timestamp": "2026-04-22 01:23:45.151", "packet_id": 14, "level": 4, "algorithm": "adaptive (congestion-aware)", "path": [0, 10, 11], "cost": 6, "effective_cost": 7.44, "avg_load_percent": 34.5, "congested": false, "hops": 2, "decision_latency_ms": 1.449, "success": true}
{"timestamp": "2026-04-22 01:23:45.168", "packet_id": 15, "level": 4, "algorithm": "adaptive (congestion-aware)", "path": [0, 10, 2, 11], "cost": 10, "effective_cost": 15.9, "avg_load_percent": 43.33, "congested": false, "hops": 3, "decision_latency_ms": 2.1172, "success": true}
{"timestamp": "2026-04-22 01:23:45.232", "packet_id": 20, "level": 5, "algorithm": "Q-Learning (autonomous)", "path": [0, 11], "cost": 10, "avg_load_percent": 66.0, "congested": false, "reached_goal": true, "predicted_risky_edges": [[0, 11, 66.0]], "hops": 1, "decision_latency_ms": 0.0431, "training_episodes": 700, "success": true}
{"timestamp": "2026-04-22 01:23:45.246", "packet_id": 21, "level": 5, "algorithm": "Q-Learning (autonomous)", "path": [0, 11], "cost": 11, "avg_load_percent": 0.0, "congested": false, "reached_goal": true, "predicted_risky_edges": [], "hops": 1, "decision_latency_ms": 0.008, "training_episodes": 700, "success": true}
{"timestamp": "2026-04-22 01:23:45.262", "packet_id": 22, "level": 5, "algorithm": "Q-Learning (autonomous)", "path": [0, 11], "cost": 9, "avg_load_percent": 96.0, "congested": true, "reached_goal": true, "predicted_risky_edges": [[0, 11, 96.0]], "hops": 1, "decision_latency_ms": 0.0083, "training_episodes": 700, "success": true}
{"timestamp": "2026-04-22 01:23:45.278", "packet_id": 23, "level": 5, "algorithm": "Q-Learning (autonomous)", "path": [0, 11], "cost": 7, "avg_load_percent": 86.0, "congested": true, "reached_goal": true, "predicted_risky_edges": [[0, 11, 86.0]], "hops": 1, "decision_latency_ms": 0.0091, "training_episodes": 700, "success": true}
